2020-01-08 11:11:18.050 [INFO ] com.zhuzhu.project.ProjectApplication - Starting ProjectApplication on LAPTOP-29L52F9P with PID 6448 (D:\project\project\target\classes started by 34904 in D:\project\project)
2020-01-08 11:11:18.051 [INFO ] com.zhuzhu.project.ProjectApplication - The following profiles are active: dev
2020-01-08 11:11:18.082 [INFO ] org.springframework.boot.devtools.env.DevToolsPropertyDefaultsPostProcessor - Devtools property defaults active! Set 'spring.devtools.add-properties' to 'false' to disable
2020-01-08 11:11:18.082 [INFO ] org.springframework.boot.devtools.env.DevToolsPropertyDefaultsPostProcessor - For additional web related logging consider setting the 'logging.level.web' property to 'DEBUG'
2020-01-08 11:11:18.724 [INFO ] org.springframework.boot.web.embedded.tomcat.TomcatWebServer - Tomcat initialized with port(s): 8080 (http)
2020-01-08 11:11:18.731 [INFO ] org.apache.coyote.http11.Http11NioProtocol - Initializing ProtocolHandler ["http-nio-8080"]
2020-01-08 11:11:18.732 [INFO ] org.apache.catalina.core.StandardService - Starting service [Tomcat]
2020-01-08 11:11:18.732 [INFO ] org.apache.catalina.core.StandardEngine - Starting Servlet engine: [Apache Tomcat/9.0.29]
2020-01-08 11:11:18.793 [INFO ] org.apache.catalina.core.ContainerBase.[Tomcat].[localhost].[/] - Initializing Spring embedded WebApplicationContext
2020-01-08 11:11:18.793 [INFO ] org.springframework.web.context.ContextLoader - Root WebApplicationContext: initialization completed in 711 ms
2020-01-08 11:11:18.911 [INFO ] org.springframework.scheduling.concurrent.ThreadPoolTaskExecutor - Initializing ExecutorService 'applicationTaskExecutor'
2020-01-08 11:11:18.990 [INFO ] com.alibaba.druid.spring.boot.autoconfigure.DruidDataSourceAutoConfigure - Init DruidDataSource
2020-01-08 11:11:19.022 [INFO ] org.springframework.scheduling.concurrent.ThreadPoolTaskExecutor - Shutting down ExecutorService 'applicationTaskExecutor'
2020-01-08 11:11:19.023 [INFO ] org.apache.catalina.core.StandardService - Stopping service [Tomcat]
2020-01-08 11:16:24.146 [INFO ] com.zhuzhu.project.ProjectApplication - Starting ProjectApplication on LAPTOP-29L52F9P with PID 23816 (D:\project\project\target\classes started by 34904 in D:\project\project)
2020-01-08 11:16:24.147 [INFO ] com.zhuzhu.project.ProjectApplication - The following profiles are active: dev
2020-01-08 11:16:24.174 [INFO ] org.springframework.boot.devtools.env.DevToolsPropertyDefaultsPostProcessor - Devtools property defaults active! Set 'spring.devtools.add-properties' to 'false' to disable
2020-01-08 11:16:24.174 [INFO ] org.springframework.boot.devtools.env.DevToolsPropertyDefaultsPostProcessor - For additional web related logging consider setting the 'logging.level.web' property to 'DEBUG'
2020-01-08 11:16:24.935 [INFO ] org.springframework.boot.web.embedded.tomcat.TomcatWebServer - Tomcat initialized with port(s): 8080 (http)
2020-01-08 11:16:24.940 [INFO ] org.apache.coyote.http11.Http11NioProtocol - Initializing ProtocolHandler ["http-nio-8080"]
2020-01-08 11:16:24.940 [INFO ] org.apache.catalina.core.StandardService - Starting service [Tomcat]
2020-01-08 11:16:24.940 [INFO ] org.apache.catalina.core.StandardEngine - Starting Servlet engine: [Apache Tomcat/9.0.29]
2020-01-08 11:16:24.996 [INFO ] org.apache.catalina.core.ContainerBase.[Tomcat].[localhost].[/] - Initializing Spring embedded WebApplicationContext
2020-01-08 11:16:24.996 [INFO ] org.springframework.web.context.ContextLoader - Root WebApplicationContext: initialization completed in 822 ms
2020-01-08 11:16:25.119 [INFO ] org.springframework.scheduling.concurrent.ThreadPoolTaskExecutor - Initializing ExecutorService 'applicationTaskExecutor'
2020-01-08 11:16:25.191 [INFO ] com.alibaba.druid.spring.boot.autoconfigure.DruidDataSourceAutoConfigure - Init DruidDataSource
2020-01-08 11:16:29.418 [INFO ] com.alibaba.druid.pool.DruidDataSource - {dataSource-1} inited
2020-01-08 11:16:29.419 [INFO ] org.springframework.scheduling.concurrent.ThreadPoolTaskExecutor - Shutting down ExecutorService 'applicationTaskExecutor'
2020-01-08 11:16:29.421 [INFO ] org.apache.catalina.core.StandardService - Stopping service [Tomcat]
2020-01-08 11:20:19.290 [INFO ] com.zhuzhu.project.ProjectApplication - Starting ProjectApplication on LAPTOP-29L52F9P with PID 4604 (D:\project\project\target\classes started by 34904 in D:\project\project)
2020-01-08 11:20:19.291 [INFO ] com.zhuzhu.project.ProjectApplication - The following profiles are active: dev
2020-01-08 11:20:19.319 [INFO ] org.springframework.boot.devtools.env.DevToolsPropertyDefaultsPostProcessor - Devtools property defaults active! Set 'spring.devtools.add-properties' to 'false' to disable
2020-01-08 11:20:19.320 [INFO ] org.springframework.boot.devtools.env.DevToolsPropertyDefaultsPostProcessor - For additional web related logging consider setting the 'logging.level.web' property to 'DEBUG'
2020-01-08 11:20:20.077 [INFO ] org.springframework.boot.web.embedded.tomcat.TomcatWebServer - Tomcat initialized with port(s): 8080 (http)
2020-01-08 11:20:20.083 [INFO ] org.apache.coyote.http11.Http11NioProtocol - Initializing ProtocolHandler ["http-nio-8080"]
2020-01-08 11:20:20.083 [INFO ] org.apache.catalina.core.StandardService - Starting service [Tomcat]
2020-01-08 11:20:20.083 [INFO ] org.apache.catalina.core.StandardEngine - Starting Servlet engine: [Apache Tomcat/9.0.29]
2020-01-08 11:20:20.146 [INFO ] org.apache.catalina.core.ContainerBase.[Tomcat].[localhost].[/] - Initializing Spring embedded WebApplicationContext
2020-01-08 11:20:20.147 [INFO ] org.springframework.web.context.ContextLoader - Root WebApplicationContext: initialization completed in 827 ms
2020-01-08 11:20:20.273 [INFO ] org.springframework.scheduling.concurrent.ThreadPoolTaskExecutor - Initializing ExecutorService 'applicationTaskExecutor'
2020-01-08 11:20:20.367 [INFO ] com.alibaba.druid.spring.boot.autoconfigure.DruidDataSourceAutoConfigure - Init DruidDataSource
2020-01-08 11:20:24.579 [INFO ] com.alibaba.druid.pool.DruidDataSource - {dataSource-1} inited
2020-01-08 11:20:24.580 [INFO ] org.springframework.scheduling.concurrent.ThreadPoolTaskExecutor - Shutting down ExecutorService 'applicationTaskExecutor'
2020-01-08 11:20:24.583 [INFO ] org.apache.catalina.core.StandardService - Stopping service [Tomcat]
2020-01-08 11:21:30.556 [INFO ] com.zhuzhu.project.ProjectApplication - Starting ProjectApplication on LAPTOP-29L52F9P with PID 20600 (D:\project\project\target\classes started by 34904 in D:\project\project)
2020-01-08 11:21:30.557 [INFO ] com.zhuzhu.project.ProjectApplication - The following profiles are active: dev
2020-01-08 11:21:30.591 [INFO ] org.springframework.boot.devtools.env.DevToolsPropertyDefaultsPostProcessor - Devtools property defaults active! Set 'spring.devtools.add-properties' to 'false' to disable
2020-01-08 11:21:30.591 [INFO ] org.springframework.boot.devtools.env.DevToolsPropertyDefaultsPostProcessor - For additional web related logging consider setting the 'logging.level.web' property to 'DEBUG'
2020-01-08 11:21:31.416 [INFO ] org.springframework.boot.web.embedded.tomcat.TomcatWebServer - Tomcat initialized with port(s): 8080 (http)
2020-01-08 11:21:31.426 [INFO ] org.apache.coyote.http11.Http11NioProtocol - Initializing ProtocolHandler ["http-nio-8080"]
2020-01-08 11:21:31.426 [INFO ] org.apache.catalina.core.StandardService - Starting service [Tomcat]
2020-01-08 11:21:31.426 [INFO ] org.apache.catalina.core.StandardEngine - Starting Servlet engine: [Apache Tomcat/9.0.29]
2020-01-08 11:21:31.496 [INFO ] org.apache.catalina.core.ContainerBase.[Tomcat].[localhost].[/] - Initializing Spring embedded WebApplicationContext
2020-01-08 11:21:31.497 [INFO ] org.springframework.web.context.ContextLoader - Root WebApplicationContext: initialization completed in 906 ms
2020-01-08 11:21:31.605 [INFO ] org.springframework.scheduling.concurrent.ThreadPoolTaskExecutor - Initializing ExecutorService 'applicationTaskExecutor'
2020-01-08 11:21:31.692 [INFO ] com.alibaba.druid.spring.boot.autoconfigure.DruidDataSourceAutoConfigure - Init DruidDataSource
2020-01-08 11:21:35.887 [INFO ] com.alibaba.druid.pool.DruidDataSource - {dataSource-1} inited
2020-01-08 11:21:35.888 [INFO ] org.springframework.scheduling.concurrent.ThreadPoolTaskExecutor - Shutting down ExecutorService 'applicationTaskExecutor'
2020-01-08 11:21:35.891 [INFO ] org.apache.catalina.core.StandardService - Stopping service [Tomcat]
2020-01-08 11:23:32.825 [INFO ] com.zhuzhu.project.ProjectApplication - Starting ProjectApplication on LAPTOP-29L52F9P with PID 1616 (D:\project\project\target\classes started by 34904 in D:\project\project)
2020-01-08 11:23:32.825 [INFO ] com.zhuzhu.project.ProjectApplication - The following profiles are active: dev
2020-01-08 11:23:32.854 [INFO ] org.springframework.boot.devtools.env.DevToolsPropertyDefaultsPostProcessor - Devtools property defaults active! Set 'spring.devtools.add-properties' to 'false' to disable
2020-01-08 11:23:32.854 [INFO ] org.springframework.boot.devtools.env.DevToolsPropertyDefaultsPostProcessor - For additional web related logging consider setting the 'logging.level.web' property to 'DEBUG'
2020-01-08 11:23:33.667 [INFO ] org.springframework.boot.web.embedded.tomcat.TomcatWebServer - Tomcat initialized with port(s): 8080 (http)
2020-01-08 11:23:33.674 [INFO ] org.apache.coyote.http11.Http11NioProtocol - Initializing ProtocolHandler ["http-nio-8080"]
2020-01-08 11:23:33.674 [INFO ] org.apache.catalina.core.StandardService - Starting service [Tomcat]
2020-01-08 11:23:33.674 [INFO ] org.apache.catalina.core.StandardEngine - Starting Servlet engine: [Apache Tomcat/9.0.29]
2020-01-08 11:23:33.735 [INFO ] org.apache.catalina.core.ContainerBase.[Tomcat].[localhost].[/] - Initializing Spring embedded WebApplicationContext
2020-01-08 11:23:33.736 [INFO ] org.springframework.web.context.ContextLoader - Root WebApplicationContext: initialization completed in 882 ms
2020-01-08 11:23:33.849 [INFO ] org.springframework.scheduling.concurrent.ThreadPoolTaskExecutor - Initializing ExecutorService 'applicationTaskExecutor'
2020-01-08 11:23:33.931 [INFO ] com.alibaba.druid.spring.boot.autoconfigure.DruidDataSourceAutoConfigure - Init DruidDataSource
2020-01-08 11:23:38.129 [INFO ] com.alibaba.druid.pool.DruidDataSource - {dataSource-1} inited
2020-01-08 11:23:38.129 [INFO ] org.springframework.scheduling.concurrent.ThreadPoolTaskExecutor - Shutting down ExecutorService 'applicationTaskExecutor'
2020-01-08 11:23:38.131 [INFO ] org.apache.catalina.core.StandardService - Stopping service [Tomcat]
2020-01-08 11:27:31.485 [INFO ] com.zhuzhu.project.ProjectApplication - Starting ProjectApplication on LAPTOP-29L52F9P with PID 4356 (D:\project\project\target\classes started by 34904 in D:\project\project)
2020-01-08 11:27:31.486 [INFO ] com.zhuzhu.project.ProjectApplication - The following profiles are active: dev
2020-01-08 11:27:31.515 [INFO ] org.springframework.boot.devtools.env.DevToolsPropertyDefaultsPostProcessor - Devtools property defaults active! Set 'spring.devtools.add-properties' to 'false' to disable
2020-01-08 11:27:31.515 [INFO ] org.springframework.boot.devtools.env.DevToolsPropertyDefaultsPostProcessor - For additional web related logging consider setting the 'logging.level.web' property to 'DEBUG'
2020-01-08 11:27:32.278 [INFO ] org.springframework.boot.web.embedded.tomcat.TomcatWebServer - Tomcat initialized with port(s): 8080 (http)
2020-01-08 11:27:32.283 [INFO ] org.apache.coyote.http11.Http11NioProtocol - Initializing ProtocolHandler ["http-nio-8080"]
2020-01-08 11:27:32.284 [INFO ] org.apache.catalina.core.StandardService - Starting service [Tomcat]
2020-01-08 11:27:32.284 [INFO ] org.apache.catalina.core.StandardEngine - Starting Servlet engine: [Apache Tomcat/9.0.29]
2020-01-08 11:27:32.347 [INFO ] org.apache.catalina.core.ContainerBase.[Tomcat].[localhost].[/] - Initializing Spring embedded WebApplicationContext
2020-01-08 11:27:32.348 [INFO ] org.springframework.web.context.ContextLoader - Root WebApplicationContext: initialization completed in 833 ms
2020-01-08 11:27:32.471 [INFO ] org.springframework.scheduling.concurrent.ThreadPoolTaskExecutor - Initializing ExecutorService 'applicationTaskExecutor'
2020-01-08 11:27:32.565 [INFO ] com.alibaba.druid.spring.boot.autoconfigure.DruidDataSourceAutoConfigure - Init DruidDataSource
2020-01-08 11:27:32.753 [INFO ] com.alibaba.druid.pool.DruidDataSource - {dataSource-1} inited
2020-01-08 11:27:32.905 [INFO ] org.springframework.boot.devtools.autoconfigure.OptionalLiveReloadServer - LiveReload server is running on port 35729
2020-01-08 11:27:32.930 [INFO ] org.apache.coyote.http11.Http11NioProtocol - Starting ProtocolHandler ["http-nio-8080"]
2020-01-08 11:27:32.938 [INFO ] org.apache.coyote.http11.Http11NioProtocol - Pausing ProtocolHandler ["http-nio-8080"]
2020-01-08 11:27:32.939 [INFO ] org.apache.catalina.core.StandardService - Stopping service [Tomcat]
2020-01-08 11:27:32.941 [INFO ] org.apache.coyote.http11.Http11NioProtocol - Stopping ProtocolHandler ["http-nio-8080"]
2020-01-08 11:27:32.941 [INFO ] org.apache.coyote.http11.Http11NioProtocol - Destroying ProtocolHandler ["http-nio-8080"]
2020-01-08 11:27:32.952 [INFO ] com.alibaba.druid.pool.DruidDataSource - {dataSource-1} closing ...
2020-01-08 11:27:32.954 [INFO ] com.alibaba.druid.pool.DruidDataSource - {dataSource-1} closed
2020-01-08 11:27:32.954 [INFO ] org.springframework.scheduling.concurrent.ThreadPoolTaskExecutor - Shutting down ExecutorService 'applicationTaskExecutor'
2020-01-08 11:27:51.905 [INFO ] com.zhuzhu.project.ProjectApplication - Starting ProjectApplication on LAPTOP-29L52F9P with PID 22200 (D:\project\project\target\classes started by 34904 in D:\project\project)
2020-01-08 11:27:51.906 [INFO ] com.zhuzhu.project.ProjectApplication - The following profiles are active: dev
2020-01-08 11:27:51.932 [INFO ] org.springframework.boot.devtools.env.DevToolsPropertyDefaultsPostProcessor - Devtools property defaults active! Set 'spring.devtools.add-properties' to 'false' to disable
2020-01-08 11:27:51.933 [INFO ] org.springframework.boot.devtools.env.DevToolsPropertyDefaultsPostProcessor - For additional web related logging consider setting the 'logging.level.web' property to 'DEBUG'
2020-01-08 11:27:52.726 [INFO ] org.springframework.boot.web.embedded.tomcat.TomcatWebServer - Tomcat initialized with port(s): 8080 (http)
2020-01-08 11:27:52.732 [INFO ] org.apache.coyote.http11.Http11NioProtocol - Initializing ProtocolHandler ["http-nio-8080"]
2020-01-08 11:27:52.733 [INFO ] org.apache.catalina.core.StandardService - Starting service [Tomcat]
2020-01-08 11:27:52.733 [INFO ] org.apache.catalina.core.StandardEngine - Starting Servlet engine: [Apache Tomcat/9.0.29]
2020-01-08 11:27:52.795 [INFO ] org.apache.catalina.core.ContainerBase.[Tomcat].[localhost].[/] - Initializing Spring embedded WebApplicationContext
2020-01-08 11:27:52.795 [INFO ] org.springframework.web.context.ContextLoader - Root WebApplicationContext: initialization completed in 862 ms
2020-01-08 11:27:52.911 [INFO ] org.springframework.scheduling.concurrent.ThreadPoolTaskExecutor - Initializing ExecutorService 'applicationTaskExecutor'
2020-01-08 11:27:52.993 [INFO ] com.alibaba.druid.spring.boot.autoconfigure.DruidDataSourceAutoConfigure - Init DruidDataSource
2020-01-08 11:27:53.175 [INFO ] com.alibaba.druid.pool.DruidDataSource - {dataSource-1} inited
2020-01-08 11:27:53.315 [INFO ] org.springframework.boot.devtools.autoconfigure.OptionalLiveReloadServer - LiveReload server is running on port 35729
2020-01-08 11:27:53.340 [INFO ] org.apache.coyote.http11.Http11NioProtocol - Starting ProtocolHandler ["http-nio-8080"]
2020-01-08 11:27:53.365 [INFO ] org.springframework.boot.web.embedded.tomcat.TomcatWebServer - Tomcat started on port(s): 8080 (http) with context path ''
2020-01-08 11:27:53.367 [INFO ] com.zhuzhu.project.ProjectApplication - Started ProjectApplication in 1.836 seconds (JVM running for 2.57)
2020-01-08 11:28:15.492 [INFO ] com.zhuzhu.project.ProjectApplication - Starting ProjectApplication on LAPTOP-29L52F9P with PID 16356 (D:\project\project\target\classes started by 34904 in D:\project\project)
2020-01-08 11:28:15.493 [INFO ] com.zhuzhu.project.ProjectApplication - The following profiles are active: dev
2020-01-08 11:28:15.522 [INFO ] org.springframework.boot.devtools.env.DevToolsPropertyDefaultsPostProcessor - Devtools property defaults active! Set 'spring.devtools.add-properties' to 'false' to disable
2020-01-08 11:28:15.522 [INFO ] org.springframework.boot.devtools.env.DevToolsPropertyDefaultsPostProcessor - For additional web related logging consider setting the 'logging.level.web' property to 'DEBUG'
2020-01-08 11:28:16.288 [INFO ] org.springframework.boot.web.embedded.tomcat.TomcatWebServer - Tomcat initialized with port(s): 8080 (http)
2020-01-08 11:28:16.293 [INFO ] org.apache.coyote.http11.Http11NioProtocol - Initializing ProtocolHandler ["http-nio-8080"]
2020-01-08 11:28:16.294 [INFO ] org.apache.catalina.core.StandardService - Starting service [Tomcat]
2020-01-08 11:28:16.294 [INFO ] org.apache.catalina.core.StandardEngine - Starting Servlet engine: [Apache Tomcat/9.0.29]
2020-01-08 11:28:16.350 [INFO ] org.apache.catalina.core.ContainerBase.[Tomcat].[localhost].[/] - Initializing Spring embedded WebApplicationContext
2020-01-08 11:28:16.350 [INFO ] org.springframework.web.context.ContextLoader - Root WebApplicationContext: initialization completed in 828 ms
2020-01-08 11:28:16.474 [INFO ] org.springframework.scheduling.concurrent.ThreadPoolTaskExecutor - Initializing ExecutorService 'applicationTaskExecutor'
2020-01-08 11:28:16.547 [INFO ] com.alibaba.druid.spring.boot.autoconfigure.DruidDataSourceAutoConfigure - Init DruidDataSource
2020-01-08 11:28:16.733 [INFO ] com.alibaba.druid.pool.DruidDataSource - {dataSource-1} inited
2020-01-08 11:28:16.872 [INFO ] org.springframework.boot.devtools.autoconfigure.OptionalLiveReloadServer - LiveReload server is running on port 35729
2020-01-08 11:28:16.900 [INFO ] org.apache.coyote.http11.Http11NioProtocol - Starting ProtocolHandler ["http-nio-8080"]
2020-01-08 11:28:16.915 [INFO ] org.springframework.boot.web.embedded.tomcat.TomcatWebServer - Tomcat started on port(s): 8080 (http) with context path ''
2020-01-08 11:28:16.917 [INFO ] com.zhuzhu.project.ProjectApplication - Started ProjectApplication in 1.813 seconds (JVM running for 2.55)
2020-01-08 11:29:02.301 [INFO ] org.apache.catalina.core.ContainerBase.[Tomcat].[localhost].[/] - Initializing Spring DispatcherServlet 'dispatcherServlet'
2020-01-08 11:29:02.301 [INFO ] org.springframework.web.servlet.DispatcherServlet - Initializing Servlet 'dispatcherServlet'
2020-01-08 11:29:02.306 [INFO ] org.springframework.web.servlet.DispatcherServlet - Completed initialization in 5 ms
2020-01-08 17:34:25.630 [INFO ] com.zhuzhu.project.ProjectApplication - Starting ProjectApplication on LAPTOP-29L52F9P with PID 18524 (D:\project\project\target\classes started by 34904 in D:\project\project)
2020-01-08 17:34:25.631 [INFO ] com.zhuzhu.project.ProjectApplication - The following profiles are active: dev
2020-01-08 17:34:25.664 [INFO ] org.springframework.boot.devtools.env.DevToolsPropertyDefaultsPostProcessor - Devtools property defaults active! Set 'spring.devtools.add-properties' to 'false' to disable
2020-01-08 17:34:25.664 [INFO ] org.springframework.boot.devtools.env.DevToolsPropertyDefaultsPostProcessor - For additional web related logging consider setting the 'logging.level.web' property to 'DEBUG'
2020-01-08 17:34:26.471 [INFO ] org.springframework.boot.web.embedded.tomcat.TomcatWebServer - Tomcat initialized with port(s): 8080 (http)
2020-01-08 17:34:26.479 [INFO ] org.apache.coyote.http11.Http11NioProtocol - Initializing ProtocolHandler ["http-nio-8080"]
2020-01-08 17:34:26.479 [INFO ] org.apache.catalina.core.StandardService - Starting service [Tomcat]
2020-01-08 17:34:26.479 [INFO ] org.apache.catalina.core.StandardEngine - Starting Servlet engine: [Apache Tomcat/9.0.29]
2020-01-08 17:34:26.547 [INFO ] org.apache.catalina.core.ContainerBase.[Tomcat].[localhost].[/] - Initializing Spring embedded WebApplicationContext
2020-01-08 17:34:26.548 [INFO ] org.springframework.web.context.ContextLoader - Root WebApplicationContext: initialization completed in 884 ms
2020-01-08 17:34:26.665 [INFO ] org.springframework.scheduling.concurrent.ThreadPoolTaskExecutor - Initializing ExecutorService 'applicationTaskExecutor'
2020-01-08 17:34:26.761 [INFO ] com.alibaba.druid.spring.boot.autoconfigure.DruidDataSourceAutoConfigure - Init DruidDataSource
2020-01-08 17:34:26.961 [INFO ] com.alibaba.druid.pool.DruidDataSource - {dataSource-1} inited
2020-01-08 17:34:27.109 [INFO ] org.springframework.boot.devtools.autoconfigure.OptionalLiveReloadServer - LiveReload server is running on port 35729
2020-01-08 17:34:27.136 [INFO ] org.apache.coyote.http11.Http11NioProtocol - Starting ProtocolHandler ["http-nio-8080"]
2020-01-08 17:34:27.149 [INFO ] org.springframework.boot.web.embedded.tomcat.TomcatWebServer - Tomcat started on port(s): 8080 (http) with context path ''
2020-01-08 17:34:27.151 [INFO ] com.zhuzhu.project.ProjectApplication - Started ProjectApplication in 1.942 seconds (JVM running for 2.865)
2020-01-08 17:34:46.127 [INFO ] org.apache.coyote.http11.Http11Processor - Error parsing HTTP request header
 Note: further occurrences of HTTP request parsing errors will be logged at DEBUG level.
java.lang.IllegalArgumentException: Invalid character found in method name. HTTP method names must be tokens
	at org.apache.coyote.http11.Http11InputBuffer.parseRequestLine(Http11InputBuffer.java:415)
	at org.apache.coyote.http11.Http11Processor.service(Http11Processor.java:260)
	at org.apache.coyote.AbstractProcessorLight.process(AbstractProcessorLight.java:65)
	at org.apache.coyote.AbstractProtocol$ConnectionHandler.process(AbstractProtocol.java:860)
	at org.apache.tomcat.util.net.NioEndpoint$SocketProcessor.doRun(NioEndpoint.java:1591)
	at org.apache.tomcat.util.net.SocketProcessorBase.run(SocketProcessorBase.java:49)
	at java.util.concurrent.ThreadPoolExecutor.runWorker(ThreadPoolExecutor.java:1149)
	at java.util.concurrent.ThreadPoolExecutor$Worker.run(ThreadPoolExecutor.java:624)
	at org.apache.tomcat.util.threads.TaskThread$WrappingRunnable.run(TaskThread.java:61)
	at java.lang.Thread.run(Thread.java:748)
2020-01-08 17:34:46.127 [INFO ] org.apache.coyote.http11.Http11Processor - Error parsing HTTP request header
 Note: further occurrences of HTTP request parsing errors will be logged at DEBUG level.
java.lang.IllegalArgumentException: Invalid character found in method name. HTTP method names must be tokens
	at org.apache.coyote.http11.Http11InputBuffer.parseRequestLine(Http11InputBuffer.java:415)
	at org.apache.coyote.http11.Http11Processor.service(Http11Processor.java:260)
	at org.apache.coyote.AbstractProcessorLight.process(AbstractProcessorLight.java:65)
	at org.apache.coyote.AbstractProtocol$ConnectionHandler.process(AbstractProtocol.java:860)
	at org.apache.tomcat.util.net.NioEndpoint$SocketProcessor.doRun(NioEndpoint.java:1591)
	at org.apache.tomcat.util.net.SocketProcessorBase.run(SocketProcessorBase.java:49)
	at java.util.concurrent.ThreadPoolExecutor.runWorker(ThreadPoolExecutor.java:1149)
	at java.util.concurrent.ThreadPoolExecutor$Worker.run(ThreadPoolExecutor.java:624)
	at org.apache.tomcat.util.threads.TaskThread$WrappingRunnable.run(TaskThread.java:61)
	at java.lang.Thread.run(Thread.java:748)
2020-01-08 17:35:22.614 [INFO ] org.apache.catalina.core.ContainerBase.[Tomcat].[localhost].[/] - Initializing Spring DispatcherServlet 'dispatcherServlet'
2020-01-08 17:35:22.615 [INFO ] org.springframework.web.servlet.DispatcherServlet - Initializing Servlet 'dispatcherServlet'
2020-01-08 17:35:22.621 [INFO ] org.springframework.web.servlet.DispatcherServlet - Completed initialization in 6 ms
