2020-01-09 15:29:50.760 [INFO ] com.zhuzhu.project.ProjectApplication - Starting ProjectApplication on LAPTOP-29L52F9P with PID 1596 (D:\project\project\target\classes started by 34904 in D:\project\project)
2020-01-09 15:29:50.761 [INFO ] com.zhuzhu.project.ProjectApplication - The following profiles are active: dev
2020-01-09 15:29:50.804 [INFO ] org.springframework.boot.devtools.env.DevToolsPropertyDefaultsPostProcessor - Devtools property defaults active! Set 'spring.devtools.add-properties' to 'false' to disable
2020-01-09 15:29:50.804 [INFO ] org.springframework.boot.devtools.env.DevToolsPropertyDefaultsPostProcessor - For additional web related logging consider setting the 'logging.level.web' property to 'DEBUG'
2020-01-09 15:29:51.692 [INFO ] org.springframework.boot.web.embedded.tomcat.TomcatWebServer - Tomcat initialized with port(s): 8080 (http)
2020-01-09 15:29:51.700 [INFO ] org.apache.coyote.http11.Http11NioProtocol - Initializing ProtocolHandler ["http-nio-8080"]
2020-01-09 15:29:51.700 [INFO ] org.apache.catalina.core.StandardService - Starting service [Tomcat]
2020-01-09 15:29:51.701 [INFO ] org.apache.catalina.core.StandardEngine - Starting Servlet engine: [Apache Tomcat/9.0.29]
2020-01-09 15:29:51.764 [INFO ] org.apache.catalina.core.ContainerBase.[Tomcat].[localhost].[/] - Initializing Spring embedded WebApplicationContext
2020-01-09 15:29:51.764 [INFO ] org.springframework.web.context.ContextLoader - Root WebApplicationContext: initialization completed in 960 ms
2020-01-09 15:29:51.798 [INFO ] org.apache.catalina.core.StandardService - Stopping service [Tomcat]
2020-01-09 15:33:11.996 [INFO ] com.zhuzhu.project.ProjectApplication - Starting ProjectApplication on LAPTOP-29L52F9P with PID 25072 (D:\project\project\target\classes started by 34904 in D:\project\project)
2020-01-09 15:33:11.997 [INFO ] com.zhuzhu.project.ProjectApplication - The following profiles are active: dev
2020-01-09 15:33:12.028 [INFO ] org.springframework.boot.devtools.env.DevToolsPropertyDefaultsPostProcessor - Devtools property defaults active! Set 'spring.devtools.add-properties' to 'false' to disable
2020-01-09 15:33:12.028 [INFO ] org.springframework.boot.devtools.env.DevToolsPropertyDefaultsPostProcessor - For additional web related logging consider setting the 'logging.level.web' property to 'DEBUG'
2020-01-09 15:33:12.773 [INFO ] org.springframework.boot.web.embedded.tomcat.TomcatWebServer - Tomcat initialized with port(s): 8080 (http)
2020-01-09 15:33:12.778 [INFO ] org.apache.coyote.http11.Http11NioProtocol - Initializing ProtocolHandler ["http-nio-8080"]
2020-01-09 15:33:12.778 [INFO ] org.apache.catalina.core.StandardService - Starting service [Tomcat]
2020-01-09 15:33:12.779 [INFO ] org.apache.catalina.core.StandardEngine - Starting Servlet engine: [Apache Tomcat/9.0.29]
2020-01-09 15:33:12.835 [INFO ] org.apache.catalina.core.ContainerBase.[Tomcat].[localhost].[/] - Initializing Spring embedded WebApplicationContext
2020-01-09 15:33:12.835 [INFO ] org.springframework.web.context.ContextLoader - Root WebApplicationContext: initialization completed in 807 ms
2020-01-09 15:33:12.872 [INFO ] org.apache.catalina.core.StandardService - Stopping service [Tomcat]
2020-01-09 15:34:12.201 [INFO ] com.zhuzhu.project.ProjectApplication - Starting ProjectApplication on LAPTOP-29L52F9P with PID 14232 (D:\project\project\target\classes started by 34904 in D:\project\project)
2020-01-09 15:34:12.201 [INFO ] com.zhuzhu.project.ProjectApplication - The following profiles are active: dev
2020-01-09 15:34:12.231 [INFO ] org.springframework.boot.devtools.env.DevToolsPropertyDefaultsPostProcessor - Devtools property defaults active! Set 'spring.devtools.add-properties' to 'false' to disable
2020-01-09 15:34:12.231 [INFO ] org.springframework.boot.devtools.env.DevToolsPropertyDefaultsPostProcessor - For additional web related logging consider setting the 'logging.level.web' property to 'DEBUG'
2020-01-09 15:34:12.986 [INFO ] org.springframework.boot.web.embedded.tomcat.TomcatWebServer - Tomcat initialized with port(s): 8080 (http)
2020-01-09 15:34:12.991 [INFO ] org.apache.coyote.http11.Http11NioProtocol - Initializing ProtocolHandler ["http-nio-8080"]
2020-01-09 15:34:12.992 [INFO ] org.apache.catalina.core.StandardService - Starting service [Tomcat]
2020-01-09 15:34:12.992 [INFO ] org.apache.catalina.core.StandardEngine - Starting Servlet engine: [Apache Tomcat/9.0.29]
2020-01-09 15:34:13.046 [INFO ] org.apache.catalina.core.ContainerBase.[Tomcat].[localhost].[/] - Initializing Spring embedded WebApplicationContext
2020-01-09 15:34:13.046 [INFO ] org.springframework.web.context.ContextLoader - Root WebApplicationContext: initialization completed in 815 ms
2020-01-09 15:34:13.082 [INFO ] org.apache.catalina.core.StandardService - Stopping service [Tomcat]
2020-01-09 15:35:20.653 [INFO ] com.zhuzhu.project.ProjectApplication - Starting ProjectApplication on LAPTOP-29L52F9P with PID 17384 (D:\project\project\target\classes started by 34904 in D:\project\project)
2020-01-09 15:35:20.653 [INFO ] com.zhuzhu.project.ProjectApplication - The following profiles are active: dev
2020-01-09 15:35:20.682 [INFO ] org.springframework.boot.devtools.env.DevToolsPropertyDefaultsPostProcessor - Devtools property defaults active! Set 'spring.devtools.add-properties' to 'false' to disable
2020-01-09 15:35:20.682 [INFO ] org.springframework.boot.devtools.env.DevToolsPropertyDefaultsPostProcessor - For additional web related logging consider setting the 'logging.level.web' property to 'DEBUG'
2020-01-09 15:35:21.418 [INFO ] org.springframework.boot.web.embedded.tomcat.TomcatWebServer - Tomcat initialized with port(s): 8080 (http)
2020-01-09 15:35:21.422 [INFO ] org.apache.coyote.http11.Http11NioProtocol - Initializing ProtocolHandler ["http-nio-8080"]
2020-01-09 15:35:21.423 [INFO ] org.apache.catalina.core.StandardService - Starting service [Tomcat]
2020-01-09 15:35:21.423 [INFO ] org.apache.catalina.core.StandardEngine - Starting Servlet engine: [Apache Tomcat/9.0.29]
2020-01-09 15:35:21.479 [INFO ] org.apache.catalina.core.ContainerBase.[Tomcat].[localhost].[/] - Initializing Spring embedded WebApplicationContext
2020-01-09 15:35:21.479 [INFO ] org.springframework.web.context.ContextLoader - Root WebApplicationContext: initialization completed in 797 ms
2020-01-09 15:35:21.517 [INFO ] org.apache.catalina.core.StandardService - Stopping service [Tomcat]
2020-01-09 15:37:40.459 [INFO ] com.zhuzhu.project.ProjectApplication - Starting ProjectApplication on LAPTOP-29L52F9P with PID 25032 (D:\project\project\target\classes started by 34904 in D:\project\project)
2020-01-09 15:37:40.460 [INFO ] com.zhuzhu.project.ProjectApplication - The following profiles are active: dev
2020-01-09 15:37:40.488 [INFO ] org.springframework.boot.devtools.env.DevToolsPropertyDefaultsPostProcessor - Devtools property defaults active! Set 'spring.devtools.add-properties' to 'false' to disable
2020-01-09 15:37:40.488 [INFO ] org.springframework.boot.devtools.env.DevToolsPropertyDefaultsPostProcessor - For additional web related logging consider setting the 'logging.level.web' property to 'DEBUG'
2020-01-09 15:37:41.254 [INFO ] org.springframework.boot.web.embedded.tomcat.TomcatWebServer - Tomcat initialized with port(s): 8080 (http)
2020-01-09 15:37:41.260 [INFO ] org.apache.coyote.http11.Http11NioProtocol - Initializing ProtocolHandler ["http-nio-8080"]
2020-01-09 15:37:41.260 [INFO ] org.apache.catalina.core.StandardService - Starting service [Tomcat]
2020-01-09 15:37:41.260 [INFO ] org.apache.catalina.core.StandardEngine - Starting Servlet engine: [Apache Tomcat/9.0.29]
2020-01-09 15:37:41.324 [INFO ] org.apache.catalina.core.ContainerBase.[Tomcat].[localhost].[/] - Initializing Spring embedded WebApplicationContext
2020-01-09 15:37:41.324 [INFO ] org.springframework.web.context.ContextLoader - Root WebApplicationContext: initialization completed in 836 ms
2020-01-09 15:37:41.365 [INFO ] org.apache.catalina.core.StandardService - Stopping service [Tomcat]
2020-01-09 15:41:32.648 [INFO ] com.zhuzhu.project.ProjectApplication - Starting ProjectApplication on LAPTOP-29L52F9P with PID 12920 (D:\project\project\target\classes started by 34904 in D:\project\project)
2020-01-09 15:41:32.649 [INFO ] com.zhuzhu.project.ProjectApplication - The following profiles are active: dev
2020-01-09 15:41:32.684 [INFO ] org.springframework.boot.devtools.env.DevToolsPropertyDefaultsPostProcessor - Devtools property defaults active! Set 'spring.devtools.add-properties' to 'false' to disable
2020-01-09 15:41:32.684 [INFO ] org.springframework.boot.devtools.env.DevToolsPropertyDefaultsPostProcessor - For additional web related logging consider setting the 'logging.level.web' property to 'DEBUG'
2020-01-09 15:41:33.443 [INFO ] org.springframework.boot.web.embedded.tomcat.TomcatWebServer - Tomcat initialized with port(s): 8080 (http)
2020-01-09 15:41:33.448 [INFO ] org.apache.coyote.http11.Http11NioProtocol - Initializing ProtocolHandler ["http-nio-8080"]
2020-01-09 15:41:33.449 [INFO ] org.apache.catalina.core.StandardService - Starting service [Tomcat]
2020-01-09 15:41:33.449 [INFO ] org.apache.catalina.core.StandardEngine - Starting Servlet engine: [Apache Tomcat/9.0.29]
2020-01-09 15:41:33.512 [INFO ] org.apache.catalina.core.ContainerBase.[Tomcat].[localhost].[/] - Initializing Spring embedded WebApplicationContext
2020-01-09 15:41:33.512 [INFO ] org.springframework.web.context.ContextLoader - Root WebApplicationContext: initialization completed in 828 ms
2020-01-09 15:41:33.563 [INFO ] com.alibaba.druid.spring.boot.autoconfigure.DruidDataSourceAutoConfigure - Init DruidDataSource
2020-01-09 15:41:33.784 [INFO ] com.alibaba.druid.pool.DruidDataSource - {dataSource-1} inited
2020-01-09 15:41:33.959 [INFO ] org.springframework.scheduling.concurrent.ThreadPoolTaskExecutor - Initializing ExecutorService 'applicationTaskExecutor'
2020-01-09 15:41:34.080 [INFO ] org.springframework.scheduling.concurrent.ThreadPoolTaskScheduler - Initializing ExecutorService 'taskScheduler'
2020-01-09 15:41:34.105 [INFO ] org.springframework.boot.devtools.autoconfigure.OptionalLiveReloadServer - LiveReload server is running on port 35729
2020-01-09 15:41:34.134 [INFO ] org.apache.coyote.http11.Http11NioProtocol - Starting ProtocolHandler ["http-nio-8080"]
2020-01-09 15:41:34.148 [INFO ] org.springframework.boot.web.embedded.tomcat.TomcatWebServer - Tomcat started on port(s): 8080 (http) with context path ''
2020-01-09 15:41:34.150 [INFO ] com.zhuzhu.project.ProjectApplication - Started ProjectApplication in 1.871 seconds (JVM running for 2.625)
2020-01-09 15:42:44.345 [INFO ] org.apache.catalina.core.ContainerBase.[Tomcat].[localhost].[/] - Initializing Spring DispatcherServlet 'dispatcherServlet'
2020-01-09 15:42:44.346 [INFO ] org.springframework.web.servlet.DispatcherServlet - Initializing Servlet 'dispatcherServlet'
2020-01-09 15:42:44.350 [INFO ] org.springframework.web.servlet.DispatcherServlet - Completed initialization in 4 ms
2020-01-09 15:44:19.580 [INFO ] com.zhuzhu.project.ProjectApplication - Starting ProjectApplication on LAPTOP-29L52F9P with PID 9300 (D:\project\project\target\classes started by 34904 in D:\project\project)
2020-01-09 15:44:19.581 [INFO ] com.zhuzhu.project.ProjectApplication - The following profiles are active: dev
2020-01-09 15:44:19.623 [INFO ] org.springframework.boot.devtools.env.DevToolsPropertyDefaultsPostProcessor - Devtools property defaults active! Set 'spring.devtools.add-properties' to 'false' to disable
2020-01-09 15:44:19.623 [INFO ] org.springframework.boot.devtools.env.DevToolsPropertyDefaultsPostProcessor - For additional web related logging consider setting the 'logging.level.web' property to 'DEBUG'
2020-01-09 15:44:20.407 [INFO ] org.springframework.boot.web.embedded.tomcat.TomcatWebServer - Tomcat initialized with port(s): 8080 (http)
2020-01-09 15:44:20.414 [INFO ] org.apache.coyote.http11.Http11NioProtocol - Initializing ProtocolHandler ["http-nio-8080"]
2020-01-09 15:44:20.414 [INFO ] org.apache.catalina.core.StandardService - Starting service [Tomcat]
2020-01-09 15:44:20.414 [INFO ] org.apache.catalina.core.StandardEngine - Starting Servlet engine: [Apache Tomcat/9.0.29]
2020-01-09 15:44:20.478 [INFO ] org.apache.catalina.core.ContainerBase.[Tomcat].[localhost].[/] - Initializing Spring embedded WebApplicationContext
2020-01-09 15:44:20.478 [INFO ] org.springframework.web.context.ContextLoader - Root WebApplicationContext: initialization completed in 855 ms
2020-01-09 15:44:20.521 [INFO ] com.alibaba.druid.spring.boot.autoconfigure.DruidDataSourceAutoConfigure - Init DruidDataSource
2020-01-09 15:44:20.729 [INFO ] com.alibaba.druid.pool.DruidDataSource - {dataSource-1} inited
2020-01-09 15:44:20.946 [INFO ] org.springframework.scheduling.concurrent.ThreadPoolTaskExecutor - Initializing ExecutorService 'applicationTaskExecutor'
2020-01-09 15:44:21.080 [INFO ] org.springframework.scheduling.concurrent.ThreadPoolTaskScheduler - Initializing ExecutorService 'taskScheduler'
2020-01-09 15:44:21.101 [INFO ] org.springframework.boot.devtools.autoconfigure.OptionalLiveReloadServer - LiveReload server is running on port 35729
2020-01-09 15:44:21.132 [INFO ] org.apache.coyote.http11.Http11NioProtocol - Starting ProtocolHandler ["http-nio-8080"]
2020-01-09 15:44:21.150 [INFO ] org.springframework.boot.web.embedded.tomcat.TomcatWebServer - Tomcat started on port(s): 8080 (http) with context path ''
2020-01-09 15:44:21.153 [INFO ] com.zhuzhu.project.ProjectApplication - Started ProjectApplication in 1.985 seconds (JVM running for 2.791)
2020-01-09 15:44:28.154 [INFO ] org.apache.catalina.core.ContainerBase.[Tomcat].[localhost].[/] - Initializing Spring DispatcherServlet 'dispatcherServlet'
2020-01-09 15:44:28.154 [INFO ] org.springframework.web.servlet.DispatcherServlet - Initializing Servlet 'dispatcherServlet'
2020-01-09 15:44:28.158 [INFO ] org.springframework.web.servlet.DispatcherServlet - Completed initialization in 4 ms
2020-01-09 15:47:05.975 [INFO ] com.zhuzhu.project.ProjectApplication - Starting ProjectApplication on LAPTOP-29L52F9P with PID 23788 (D:\project\project\target\classes started by 34904 in D:\project\project)
2020-01-09 15:47:05.976 [INFO ] com.zhuzhu.project.ProjectApplication - The following profiles are active: dev
2020-01-09 15:47:06.012 [INFO ] org.springframework.boot.devtools.env.DevToolsPropertyDefaultsPostProcessor - Devtools property defaults active! Set 'spring.devtools.add-properties' to 'false' to disable
2020-01-09 15:47:06.013 [INFO ] org.springframework.boot.devtools.env.DevToolsPropertyDefaultsPostProcessor - For additional web related logging consider setting the 'logging.level.web' property to 'DEBUG'
2020-01-09 15:47:06.768 [INFO ] org.springframework.boot.web.embedded.tomcat.TomcatWebServer - Tomcat initialized with port(s): 8080 (http)
2020-01-09 15:47:06.774 [INFO ] org.apache.coyote.http11.Http11NioProtocol - Initializing ProtocolHandler ["http-nio-8080"]
2020-01-09 15:47:06.775 [INFO ] org.apache.catalina.core.StandardService - Starting service [Tomcat]
2020-01-09 15:47:06.775 [INFO ] org.apache.catalina.core.StandardEngine - Starting Servlet engine: [Apache Tomcat/9.0.29]
2020-01-09 15:47:06.839 [INFO ] org.apache.catalina.core.ContainerBase.[Tomcat].[localhost].[/] - Initializing Spring embedded WebApplicationContext
2020-01-09 15:47:06.839 [INFO ] org.springframework.web.context.ContextLoader - Root WebApplicationContext: initialization completed in 826 ms
2020-01-09 15:47:06.889 [INFO ] com.alibaba.druid.spring.boot.autoconfigure.DruidDataSourceAutoConfigure - Init DruidDataSource
2020-01-09 15:47:07.085 [INFO ] com.alibaba.druid.pool.DruidDataSource - {dataSource-1} inited
2020-01-09 15:47:07.268 [INFO ] org.springframework.scheduling.concurrent.ThreadPoolTaskExecutor - Initializing ExecutorService 'applicationTaskExecutor'
2020-01-09 15:47:07.377 [INFO ] org.springframework.scheduling.concurrent.ThreadPoolTaskScheduler - Initializing ExecutorService 'taskScheduler'
2020-01-09 15:47:07.398 [INFO ] org.springframework.boot.devtools.autoconfigure.OptionalLiveReloadServer - LiveReload server is running on port 35729
2020-01-09 15:47:07.428 [INFO ] org.apache.coyote.http11.Http11NioProtocol - Starting ProtocolHandler ["http-nio-8080"]
2020-01-09 15:47:07.443 [INFO ] org.springframework.boot.web.embedded.tomcat.TomcatWebServer - Tomcat started on port(s): 8080 (http) with context path ''
2020-01-09 15:47:07.445 [INFO ] com.zhuzhu.project.ProjectApplication - Started ProjectApplication in 1.844 seconds (JVM running for 2.809)
2020-01-09 15:48:57.398 [INFO ] com.zhuzhu.project.ProjectApplication - Starting ProjectApplication on LAPTOP-29L52F9P with PID 28636 (D:\project\project\target\classes started by 34904 in D:\project\project)
2020-01-09 15:48:57.398 [INFO ] com.zhuzhu.project.ProjectApplication - The following profiles are active: dev
2020-01-09 15:48:57.434 [INFO ] org.springframework.boot.devtools.env.DevToolsPropertyDefaultsPostProcessor - Devtools property defaults active! Set 'spring.devtools.add-properties' to 'false' to disable
2020-01-09 15:48:57.434 [INFO ] org.springframework.boot.devtools.env.DevToolsPropertyDefaultsPostProcessor - For additional web related logging consider setting the 'logging.level.web' property to 'DEBUG'
2020-01-09 15:48:58.234 [INFO ] org.springframework.boot.web.embedded.tomcat.TomcatWebServer - Tomcat initialized with port(s): 8080 (http)
2020-01-09 15:48:58.239 [INFO ] org.apache.coyote.http11.Http11NioProtocol - Initializing ProtocolHandler ["http-nio-8080"]
2020-01-09 15:48:58.240 [INFO ] org.apache.catalina.core.StandardService - Starting service [Tomcat]
2020-01-09 15:48:58.240 [INFO ] org.apache.catalina.core.StandardEngine - Starting Servlet engine: [Apache Tomcat/9.0.29]
2020-01-09 15:48:58.307 [INFO ] org.apache.catalina.core.ContainerBase.[Tomcat].[localhost].[/] - Initializing Spring embedded WebApplicationContext
2020-01-09 15:48:58.307 [INFO ] org.springframework.web.context.ContextLoader - Root WebApplicationContext: initialization completed in 872 ms
2020-01-09 15:48:58.351 [INFO ] com.alibaba.druid.spring.boot.autoconfigure.DruidDataSourceAutoConfigure - Init DruidDataSource
2020-01-09 15:48:58.557 [INFO ] com.alibaba.druid.pool.DruidDataSource - {dataSource-1} inited
2020-01-09 15:48:58.727 [INFO ] org.springframework.scheduling.concurrent.ThreadPoolTaskExecutor - Initializing ExecutorService 'applicationTaskExecutor'
2020-01-09 15:48:58.854 [INFO ] org.springframework.scheduling.concurrent.ThreadPoolTaskScheduler - Initializing ExecutorService 'taskScheduler'
2020-01-09 15:48:58.881 [INFO ] org.springframework.boot.devtools.autoconfigure.OptionalLiveReloadServer - LiveReload server is running on port 35729
2020-01-09 15:48:58.909 [INFO ] org.apache.coyote.http11.Http11NioProtocol - Starting ProtocolHandler ["http-nio-8080"]
2020-01-09 15:48:58.923 [INFO ] org.springframework.boot.web.embedded.tomcat.TomcatWebServer - Tomcat started on port(s): 8080 (http) with context path ''
2020-01-09 15:48:58.925 [INFO ] com.zhuzhu.project.ProjectApplication - Started ProjectApplication in 1.892 seconds (JVM running for 2.669)
2020-01-09 15:51:23.870 [INFO ] org.apache.catalina.core.ContainerBase.[Tomcat].[localhost].[/] - Initializing Spring DispatcherServlet 'dispatcherServlet'
2020-01-09 15:51:23.870 [INFO ] org.springframework.web.servlet.DispatcherServlet - Initializing Servlet 'dispatcherServlet'
2020-01-09 15:51:23.874 [INFO ] org.springframework.web.servlet.DispatcherServlet - Completed initialization in 4 ms
2020-01-09 15:57:16.347 [INFO ] com.zhuzhu.project.ProjectApplication - Starting ProjectApplication on LAPTOP-29L52F9P with PID 9272 (D:\project\project\target\classes started by 34904 in D:\project\project)
2020-01-09 15:57:16.347 [INFO ] com.zhuzhu.project.ProjectApplication - The following profiles are active: dev
2020-01-09 15:57:16.381 [INFO ] org.springframework.boot.devtools.env.DevToolsPropertyDefaultsPostProcessor - Devtools property defaults active! Set 'spring.devtools.add-properties' to 'false' to disable
2020-01-09 15:57:16.381 [INFO ] org.springframework.boot.devtools.env.DevToolsPropertyDefaultsPostProcessor - For additional web related logging consider setting the 'logging.level.web' property to 'DEBUG'
2020-01-09 15:57:17.101 [INFO ] org.springframework.boot.web.embedded.tomcat.TomcatWebServer - Tomcat initialized with port(s): 8080 (http)
2020-01-09 15:57:17.107 [INFO ] org.apache.coyote.http11.Http11NioProtocol - Initializing ProtocolHandler ["http-nio-8080"]
2020-01-09 15:57:17.107 [INFO ] org.apache.catalina.core.StandardService - Starting service [Tomcat]
2020-01-09 15:57:17.107 [INFO ] org.apache.catalina.core.StandardEngine - Starting Servlet engine: [Apache Tomcat/9.0.29]
2020-01-09 15:57:17.161 [INFO ] org.apache.catalina.core.ContainerBase.[Tomcat].[localhost].[/] - Initializing Spring embedded WebApplicationContext
2020-01-09 15:57:17.161 [INFO ] org.springframework.web.context.ContextLoader - Root WebApplicationContext: initialization completed in 780 ms
2020-01-09 15:57:17.205 [INFO ] com.alibaba.druid.spring.boot.autoconfigure.DruidDataSourceAutoConfigure - Init DruidDataSource
2020-01-09 15:57:17.388 [INFO ] com.alibaba.druid.pool.DruidDataSource - {dataSource-1} inited
2020-01-09 15:57:17.564 [INFO ] org.springframework.scheduling.concurrent.ThreadPoolTaskExecutor - Initializing ExecutorService 'applicationTaskExecutor'
2020-01-09 15:57:17.667 [INFO ] org.springframework.scheduling.concurrent.ThreadPoolTaskScheduler - Initializing ExecutorService 'taskScheduler'
2020-01-09 15:57:17.689 [INFO ] org.springframework.boot.devtools.autoconfigure.OptionalLiveReloadServer - LiveReload server is running on port 35729
2020-01-09 15:57:17.717 [INFO ] org.apache.coyote.http11.Http11NioProtocol - Starting ProtocolHandler ["http-nio-8080"]
2020-01-09 15:57:17.733 [INFO ] org.springframework.boot.web.embedded.tomcat.TomcatWebServer - Tomcat started on port(s): 8080 (http) with context path ''
2020-01-09 15:57:17.734 [INFO ] com.zhuzhu.project.ProjectApplication - Started ProjectApplication in 1.764 seconds (JVM running for 2.526)
2020-01-09 15:57:22.845 [INFO ] org.apache.catalina.core.ContainerBase.[Tomcat].[localhost].[/] - Initializing Spring DispatcherServlet 'dispatcherServlet'
2020-01-09 15:57:22.845 [INFO ] org.springframework.web.servlet.DispatcherServlet - Initializing Servlet 'dispatcherServlet'
2020-01-09 15:57:22.849 [INFO ] org.springframework.web.servlet.DispatcherServlet - Completed initialization in 4 ms
2020-01-09 16:02:52.669 [INFO ] com.zhuzhu.project.ProjectApplication - Starting ProjectApplication on LAPTOP-29L52F9P with PID 27368 (D:\project\project\target\classes started by 34904 in D:\project\project)
2020-01-09 16:02:52.669 [INFO ] com.zhuzhu.project.ProjectApplication - The following profiles are active: dev
2020-01-09 16:02:52.712 [INFO ] org.springframework.boot.devtools.env.DevToolsPropertyDefaultsPostProcessor - Devtools property defaults active! Set 'spring.devtools.add-properties' to 'false' to disable
2020-01-09 16:02:52.712 [INFO ] org.springframework.boot.devtools.env.DevToolsPropertyDefaultsPostProcessor - For additional web related logging consider setting the 'logging.level.web' property to 'DEBUG'
2020-01-09 16:02:53.531 [INFO ] org.springframework.boot.web.embedded.tomcat.TomcatWebServer - Tomcat initialized with port(s): 8080 (http)
2020-01-09 16:02:53.537 [INFO ] org.apache.coyote.http11.Http11NioProtocol - Initializing ProtocolHandler ["http-nio-8080"]
2020-01-09 16:02:53.538 [INFO ] org.apache.catalina.core.StandardService - Starting service [Tomcat]
2020-01-09 16:02:53.538 [INFO ] org.apache.catalina.core.StandardEngine - Starting Servlet engine: [Apache Tomcat/9.0.29]
2020-01-09 16:02:53.602 [INFO ] org.apache.catalina.core.ContainerBase.[Tomcat].[localhost].[/] - Initializing Spring embedded WebApplicationContext
2020-01-09 16:02:53.602 [INFO ] org.springframework.web.context.ContextLoader - Root WebApplicationContext: initialization completed in 890 ms
2020-01-09 16:02:53.647 [INFO ] com.alibaba.druid.spring.boot.autoconfigure.DruidDataSourceAutoConfigure - Init DruidDataSource
2020-01-09 16:02:53.865 [INFO ] com.alibaba.druid.pool.DruidDataSource - {dataSource-1} inited
2020-01-09 16:02:54.116 [INFO ] org.springframework.scheduling.concurrent.ThreadPoolTaskExecutor - Initializing ExecutorService 'applicationTaskExecutor'
2020-01-09 16:02:54.237 [INFO ] org.springframework.scheduling.concurrent.ThreadPoolTaskScheduler - Initializing ExecutorService 'taskScheduler'
2020-01-09 16:02:54.259 [INFO ] org.springframework.boot.devtools.autoconfigure.OptionalLiveReloadServer - LiveReload server is running on port 35729
2020-01-09 16:02:54.292 [INFO ] org.apache.coyote.http11.Http11NioProtocol - Starting ProtocolHandler ["http-nio-8080"]
2020-01-09 16:02:54.313 [INFO ] org.springframework.boot.web.embedded.tomcat.TomcatWebServer - Tomcat started on port(s): 8080 (http) with context path ''
2020-01-09 16:02:54.316 [INFO ] com.zhuzhu.project.ProjectApplication - Started ProjectApplication in 2.167 seconds (JVM running for 3.042)
2020-01-09 16:02:56.481 [INFO ] org.apache.catalina.core.ContainerBase.[Tomcat].[localhost].[/] - Initializing Spring DispatcherServlet 'dispatcherServlet'
2020-01-09 16:02:56.481 [INFO ] org.springframework.web.servlet.DispatcherServlet - Initializing Servlet 'dispatcherServlet'
2020-01-09 16:02:56.485 [INFO ] org.springframework.web.servlet.DispatcherServlet - Completed initialization in 4 ms
2020-01-09 16:03:52.704 [INFO ] com.zhuzhu.project.ProjectApplication - Starting ProjectApplication on LAPTOP-29L52F9P with PID 2084 (D:\project\project\target\classes started by 34904 in D:\project\project)
2020-01-09 16:03:52.704 [INFO ] com.zhuzhu.project.ProjectApplication - The following profiles are active: dev
2020-01-09 16:03:52.739 [INFO ] org.springframework.boot.devtools.env.DevToolsPropertyDefaultsPostProcessor - Devtools property defaults active! Set 'spring.devtools.add-properties' to 'false' to disable
2020-01-09 16:03:52.739 [INFO ] org.springframework.boot.devtools.env.DevToolsPropertyDefaultsPostProcessor - For additional web related logging consider setting the 'logging.level.web' property to 'DEBUG'
2020-01-09 16:03:53.508 [INFO ] org.springframework.boot.web.embedded.tomcat.TomcatWebServer - Tomcat initialized with port(s): 8080 (http)
2020-01-09 16:03:53.514 [INFO ] org.apache.coyote.http11.Http11NioProtocol - Initializing ProtocolHandler ["http-nio-8080"]
2020-01-09 16:03:53.514 [INFO ] org.apache.catalina.core.StandardService - Starting service [Tomcat]
2020-01-09 16:03:53.514 [INFO ] org.apache.catalina.core.StandardEngine - Starting Servlet engine: [Apache Tomcat/9.0.29]
2020-01-09 16:03:53.589 [INFO ] org.apache.catalina.core.ContainerBase.[Tomcat].[localhost].[/] - Initializing Spring embedded WebApplicationContext
2020-01-09 16:03:53.590 [INFO ] org.springframework.web.context.ContextLoader - Root WebApplicationContext: initialization completed in 851 ms
2020-01-09 16:03:53.637 [INFO ] com.alibaba.druid.spring.boot.autoconfigure.DruidDataSourceAutoConfigure - Init DruidDataSource
2020-01-09 16:03:53.836 [INFO ] com.alibaba.druid.pool.DruidDataSource - {dataSource-1} inited
2020-01-09 16:03:54.052 [INFO ] org.springframework.scheduling.concurrent.ThreadPoolTaskExecutor - Initializing ExecutorService 'applicationTaskExecutor'
2020-01-09 16:03:54.172 [INFO ] org.springframework.scheduling.concurrent.ThreadPoolTaskScheduler - Initializing ExecutorService 'taskScheduler'
2020-01-09 16:03:54.192 [INFO ] org.springframework.boot.devtools.autoconfigure.OptionalLiveReloadServer - LiveReload server is running on port 35729
2020-01-09 16:03:54.221 [INFO ] org.apache.coyote.http11.Http11NioProtocol - Starting ProtocolHandler ["http-nio-8080"]
2020-01-09 16:03:54.235 [INFO ] org.springframework.boot.web.embedded.tomcat.TomcatWebServer - Tomcat started on port(s): 8080 (http) with context path ''
2020-01-09 16:03:54.237 [INFO ] com.zhuzhu.project.ProjectApplication - Started ProjectApplication in 1.908 seconds (JVM running for 2.656)
2020-01-09 16:04:08.188 [INFO ] org.apache.catalina.core.ContainerBase.[Tomcat].[localhost].[/] - Initializing Spring DispatcherServlet 'dispatcherServlet'
2020-01-09 16:04:08.188 [INFO ] org.springframework.web.servlet.DispatcherServlet - Initializing Servlet 'dispatcherServlet'
2020-01-09 16:04:08.192 [INFO ] org.springframework.web.servlet.DispatcherServlet - Completed initialization in 4 ms
2020-01-09 16:34:31.415 [INFO ] com.zhuzhu.project.ProjectApplication - Starting ProjectApplication on LAPTOP-29L52F9P with PID 11752 (D:\project\project\target\classes started by 34904 in D:\project\project)
2020-01-09 16:34:31.416 [INFO ] com.zhuzhu.project.ProjectApplication - The following profiles are active: dev
2020-01-09 16:34:31.455 [INFO ] org.springframework.boot.devtools.env.DevToolsPropertyDefaultsPostProcessor - Devtools property defaults active! Set 'spring.devtools.add-properties' to 'false' to disable
2020-01-09 16:34:31.455 [INFO ] org.springframework.boot.devtools.env.DevToolsPropertyDefaultsPostProcessor - For additional web related logging consider setting the 'logging.level.web' property to 'DEBUG'
2020-01-09 16:34:32.682 [INFO ] org.springframework.boot.web.embedded.tomcat.TomcatWebServer - Tomcat initialized with port(s): 8080 (http)
2020-01-09 16:34:32.692 [INFO ] org.apache.coyote.http11.Http11NioProtocol - Initializing ProtocolHandler ["http-nio-8080"]
2020-01-09 16:34:32.692 [INFO ] org.apache.catalina.core.StandardService - Starting service [Tomcat]
2020-01-09 16:34:32.692 [INFO ] org.apache.catalina.core.StandardEngine - Starting Servlet engine: [Apache Tomcat/9.0.29]
2020-01-09 16:34:32.769 [INFO ] org.apache.catalina.core.ContainerBase.[Tomcat].[localhost].[/] - Initializing Spring embedded WebApplicationContext
2020-01-09 16:34:32.769 [INFO ] org.springframework.web.context.ContextLoader - Root WebApplicationContext: initialization completed in 1314 ms
2020-01-09 16:34:32.841 [INFO ] com.alibaba.druid.spring.boot.autoconfigure.DruidDataSourceAutoConfigure - Init DruidDataSource
2020-01-09 16:34:33.092 [INFO ] com.alibaba.druid.pool.DruidDataSource - {dataSource-1} inited
2020-01-09 16:34:33.330 [INFO ] org.springframework.scheduling.concurrent.ThreadPoolTaskExecutor - Initializing ExecutorService 'applicationTaskExecutor'
2020-01-09 16:34:33.459 [INFO ] org.springframework.scheduling.concurrent.ThreadPoolTaskScheduler - Initializing ExecutorService 'taskScheduler'
2020-01-09 16:34:33.481 [INFO ] org.springframework.boot.devtools.autoconfigure.OptionalLiveReloadServer - LiveReload server is running on port 35729
2020-01-09 16:34:33.524 [INFO ] org.apache.coyote.http11.Http11NioProtocol - Starting ProtocolHandler ["http-nio-8080"]
2020-01-09 16:34:33.544 [INFO ] org.springframework.boot.web.embedded.tomcat.TomcatWebServer - Tomcat started on port(s): 8080 (http) with context path ''
2020-01-09 16:34:33.547 [INFO ] com.zhuzhu.project.ProjectApplication - Started ProjectApplication in 2.562 seconds (JVM running for 3.359)
2020-01-09 16:34:37.445 [INFO ] org.apache.catalina.core.ContainerBase.[Tomcat].[localhost].[/] - Initializing Spring DispatcherServlet 'dispatcherServlet'
2020-01-09 16:34:37.445 [INFO ] org.springframework.web.servlet.DispatcherServlet - Initializing Servlet 'dispatcherServlet'
2020-01-09 16:34:37.451 [INFO ] org.springframework.web.servlet.DispatcherServlet - Completed initialization in 6 ms
2020-01-09 16:35:17.072 [INFO ] com.zhuzhu.project.ProjectApplication - Starting ProjectApplication on LAPTOP-29L52F9P with PID 17120 (D:\project\project\target\classes started by 34904 in D:\project\project)
2020-01-09 16:35:17.072 [INFO ] com.zhuzhu.project.ProjectApplication - The following profiles are active: dev
2020-01-09 16:35:17.107 [INFO ] org.springframework.boot.devtools.env.DevToolsPropertyDefaultsPostProcessor - Devtools property defaults active! Set 'spring.devtools.add-properties' to 'false' to disable
2020-01-09 16:35:17.107 [INFO ] org.springframework.boot.devtools.env.DevToolsPropertyDefaultsPostProcessor - For additional web related logging consider setting the 'logging.level.web' property to 'DEBUG'
2020-01-09 16:35:17.833 [INFO ] org.springframework.boot.web.embedded.tomcat.TomcatWebServer - Tomcat initialized with port(s): 8080 (http)
2020-01-09 16:35:17.839 [INFO ] org.apache.coyote.http11.Http11NioProtocol - Initializing ProtocolHandler ["http-nio-8080"]
2020-01-09 16:35:17.839 [INFO ] org.apache.catalina.core.StandardService - Starting service [Tomcat]
2020-01-09 16:35:17.839 [INFO ] org.apache.catalina.core.StandardEngine - Starting Servlet engine: [Apache Tomcat/9.0.29]
2020-01-09 16:35:17.897 [INFO ] org.apache.catalina.core.ContainerBase.[Tomcat].[localhost].[/] - Initializing Spring embedded WebApplicationContext
2020-01-09 16:35:17.897 [INFO ] org.springframework.web.context.ContextLoader - Root WebApplicationContext: initialization completed in 790 ms
2020-01-09 16:35:17.952 [INFO ] com.alibaba.druid.spring.boot.autoconfigure.DruidDataSourceAutoConfigure - Init DruidDataSource
2020-01-09 16:35:18.136 [INFO ] com.alibaba.druid.pool.DruidDataSource - {dataSource-1} inited
2020-01-09 16:35:18.366 [INFO ] org.springframework.scheduling.concurrent.ThreadPoolTaskExecutor - Initializing ExecutorService 'applicationTaskExecutor'
2020-01-09 16:35:18.475 [INFO ] org.springframework.scheduling.concurrent.ThreadPoolTaskScheduler - Initializing ExecutorService 'taskScheduler'
2020-01-09 16:35:18.495 [INFO ] org.springframework.boot.devtools.autoconfigure.OptionalLiveReloadServer - LiveReload server is running on port 35729
2020-01-09 16:35:18.524 [INFO ] org.apache.coyote.http11.Http11NioProtocol - Starting ProtocolHandler ["http-nio-8080"]
2020-01-09 16:35:18.539 [INFO ] org.springframework.boot.web.embedded.tomcat.TomcatWebServer - Tomcat started on port(s): 8080 (http) with context path ''
2020-01-09 16:35:18.541 [INFO ] com.zhuzhu.project.ProjectApplication - Started ProjectApplication in 1.842 seconds (JVM running for 2.586)
2020-01-09 16:35:21.906 [INFO ] org.apache.catalina.core.ContainerBase.[Tomcat].[localhost].[/] - Initializing Spring DispatcherServlet 'dispatcherServlet'
2020-01-09 16:35:21.906 [INFO ] org.springframework.web.servlet.DispatcherServlet - Initializing Servlet 'dispatcherServlet'
2020-01-09 16:35:21.910 [INFO ] org.springframework.web.servlet.DispatcherServlet - Completed initialization in 4 ms
2020-01-09 16:40:43.953 [INFO ] com.zhuzhu.project.ProjectApplication - Starting ProjectApplication on LAPTOP-29L52F9P with PID 9436 (D:\project\project\target\classes started by 34904 in D:\project\project)
2020-01-09 16:40:43.954 [INFO ] com.zhuzhu.project.ProjectApplication - The following profiles are active: dev
2020-01-09 16:40:43.995 [INFO ] org.springframework.boot.devtools.env.DevToolsPropertyDefaultsPostProcessor - Devtools property defaults active! Set 'spring.devtools.add-properties' to 'false' to disable
2020-01-09 16:40:43.995 [INFO ] org.springframework.boot.devtools.env.DevToolsPropertyDefaultsPostProcessor - For additional web related logging consider setting the 'logging.level.web' property to 'DEBUG'
2020-01-09 16:40:44.917 [INFO ] org.springframework.boot.web.embedded.tomcat.TomcatWebServer - Tomcat initialized with port(s): 8080 (http)
2020-01-09 16:40:44.922 [INFO ] org.apache.coyote.http11.Http11NioProtocol - Initializing ProtocolHandler ["http-nio-8080"]
2020-01-09 16:40:44.923 [INFO ] org.apache.catalina.core.StandardService - Starting service [Tomcat]
2020-01-09 16:40:44.923 [INFO ] org.apache.catalina.core.StandardEngine - Starting Servlet engine: [Apache Tomcat/9.0.29]
2020-01-09 16:40:44.977 [INFO ] org.apache.catalina.core.ContainerBase.[Tomcat].[localhost].[/] - Initializing Spring embedded WebApplicationContext
2020-01-09 16:40:44.978 [INFO ] org.springframework.web.context.ContextLoader - Root WebApplicationContext: initialization completed in 983 ms
2020-01-09 16:40:45.029 [INFO ] com.alibaba.druid.spring.boot.autoconfigure.DruidDataSourceAutoConfigure - Init DruidDataSource
2020-01-09 16:40:45.227 [INFO ] com.alibaba.druid.pool.DruidDataSource - {dataSource-1} inited
2020-01-09 16:40:45.449 [INFO ] org.springframework.scheduling.concurrent.ThreadPoolTaskExecutor - Initializing ExecutorService 'applicationTaskExecutor'
2020-01-09 16:40:45.568 [INFO ] org.springframework.scheduling.concurrent.ThreadPoolTaskScheduler - Initializing ExecutorService 'taskScheduler'
2020-01-09 16:40:45.593 [INFO ] org.springframework.boot.devtools.autoconfigure.OptionalLiveReloadServer - LiveReload server is running on port 35729
2020-01-09 16:40:45.633 [INFO ] org.apache.coyote.http11.Http11NioProtocol - Starting ProtocolHandler ["http-nio-8080"]
2020-01-09 16:40:45.651 [INFO ] org.springframework.boot.web.embedded.tomcat.TomcatWebServer - Tomcat started on port(s): 8080 (http) with context path ''
2020-01-09 16:40:45.654 [INFO ] com.zhuzhu.project.ProjectApplication - Started ProjectApplication in 2.2 seconds (JVM running for 2.961)
2020-01-09 16:40:50.367 [INFO ] org.apache.catalina.core.ContainerBase.[Tomcat].[localhost].[/] - Initializing Spring DispatcherServlet 'dispatcherServlet'
2020-01-09 16:40:50.367 [INFO ] org.springframework.web.servlet.DispatcherServlet - Initializing Servlet 'dispatcherServlet'
2020-01-09 16:40:50.372 [INFO ] org.springframework.web.servlet.DispatcherServlet - Completed initialization in 5 ms
2020-01-09 16:41:42.845 [INFO ] com.zhuzhu.project.ProjectApplication - Starting ProjectApplication on LAPTOP-29L52F9P with PID 916 (D:\project\project\target\classes started by 34904 in D:\project\project)
2020-01-09 16:41:42.845 [INFO ] com.zhuzhu.project.ProjectApplication - The following profiles are active: dev
2020-01-09 16:41:42.881 [INFO ] org.springframework.boot.devtools.env.DevToolsPropertyDefaultsPostProcessor - Devtools property defaults active! Set 'spring.devtools.add-properties' to 'false' to disable
2020-01-09 16:41:42.881 [INFO ] org.springframework.boot.devtools.env.DevToolsPropertyDefaultsPostProcessor - For additional web related logging consider setting the 'logging.level.web' property to 'DEBUG'
2020-01-09 16:41:43.613 [INFO ] org.springframework.boot.web.embedded.tomcat.TomcatWebServer - Tomcat initialized with port(s): 8080 (http)
2020-01-09 16:41:43.618 [INFO ] org.apache.coyote.http11.Http11NioProtocol - Initializing ProtocolHandler ["http-nio-8080"]
2020-01-09 16:41:43.618 [INFO ] org.apache.catalina.core.StandardService - Starting service [Tomcat]
2020-01-09 16:41:43.618 [INFO ] org.apache.catalina.core.StandardEngine - Starting Servlet engine: [Apache Tomcat/9.0.29]
2020-01-09 16:41:43.679 [INFO ] org.apache.catalina.core.ContainerBase.[Tomcat].[localhost].[/] - Initializing Spring embedded WebApplicationContext
2020-01-09 16:41:43.679 [INFO ] org.springframework.web.context.ContextLoader - Root WebApplicationContext: initialization completed in 798 ms
2020-01-09 16:41:43.734 [INFO ] com.alibaba.druid.spring.boot.autoconfigure.DruidDataSourceAutoConfigure - Init DruidDataSource
2020-01-09 16:41:43.915 [INFO ] com.alibaba.druid.pool.DruidDataSource - {dataSource-1} inited
2020-01-09 16:41:44.139 [INFO ] org.springframework.scheduling.concurrent.ThreadPoolTaskExecutor - Initializing ExecutorService 'applicationTaskExecutor'
2020-01-09 16:41:44.253 [INFO ] org.springframework.scheduling.concurrent.ThreadPoolTaskScheduler - Initializing ExecutorService 'taskScheduler'
2020-01-09 16:41:44.274 [INFO ] org.springframework.boot.devtools.autoconfigure.OptionalLiveReloadServer - LiveReload server is running on port 35729
2020-01-09 16:41:44.301 [INFO ] org.apache.coyote.http11.Http11NioProtocol - Starting ProtocolHandler ["http-nio-8080"]
2020-01-09 16:41:44.315 [INFO ] org.springframework.boot.web.embedded.tomcat.TomcatWebServer - Tomcat started on port(s): 8080 (http) with context path ''
2020-01-09 16:41:44.317 [INFO ] com.zhuzhu.project.ProjectApplication - Started ProjectApplication in 1.849 seconds (JVM running for 2.634)
2020-01-09 16:41:47.101 [INFO ] org.apache.catalina.core.ContainerBase.[Tomcat].[localhost].[/] - Initializing Spring DispatcherServlet 'dispatcherServlet'
2020-01-09 16:41:47.101 [INFO ] org.springframework.web.servlet.DispatcherServlet - Initializing Servlet 'dispatcherServlet'
2020-01-09 16:41:47.105 [INFO ] org.springframework.web.servlet.DispatcherServlet - Completed initialization in 4 ms
2020-01-09 16:48:41.696 [INFO ] com.zhuzhu.project.ProjectApplication - Starting ProjectApplication on LAPTOP-29L52F9P with PID 7716 (D:\project\project\target\classes started by 34904 in D:\project\project)
2020-01-09 16:48:41.697 [INFO ] com.zhuzhu.project.ProjectApplication - The following profiles are active: dev
2020-01-09 16:48:41.729 [INFO ] org.springframework.boot.devtools.env.DevToolsPropertyDefaultsPostProcessor - Devtools property defaults active! Set 'spring.devtools.add-properties' to 'false' to disable
2020-01-09 16:48:41.729 [INFO ] org.springframework.boot.devtools.env.DevToolsPropertyDefaultsPostProcessor - For additional web related logging consider setting the 'logging.level.web' property to 'DEBUG'
2020-01-09 16:48:42.519 [INFO ] org.springframework.boot.web.embedded.tomcat.TomcatWebServer - Tomcat initialized with port(s): 8080 (http)
2020-01-09 16:48:42.525 [INFO ] org.apache.coyote.http11.Http11NioProtocol - Initializing ProtocolHandler ["http-nio-8080"]
2020-01-09 16:48:42.525 [INFO ] org.apache.catalina.core.StandardService - Starting service [Tomcat]
2020-01-09 16:48:42.526 [INFO ] org.apache.catalina.core.StandardEngine - Starting Servlet engine: [Apache Tomcat/9.0.29]
2020-01-09 16:48:42.586 [INFO ] org.apache.catalina.core.ContainerBase.[Tomcat].[localhost].[/] - Initializing Spring embedded WebApplicationContext
2020-01-09 16:48:42.587 [INFO ] org.springframework.web.context.ContextLoader - Root WebApplicationContext: initialization completed in 858 ms
2020-01-09 16:48:42.640 [INFO ] com.alibaba.druid.spring.boot.autoconfigure.DruidDataSourceAutoConfigure - Init DruidDataSource
2020-01-09 16:48:42.839 [INFO ] com.alibaba.druid.pool.DruidDataSource - {dataSource-1} inited
2020-01-09 16:48:43.055 [INFO ] org.springframework.scheduling.concurrent.ThreadPoolTaskExecutor - Initializing ExecutorService 'applicationTaskExecutor'
2020-01-09 16:48:43.202 [INFO ] org.springframework.scheduling.concurrent.ThreadPoolTaskScheduler - Initializing ExecutorService 'taskScheduler'
2020-01-09 16:48:43.226 [INFO ] org.springframework.boot.devtools.autoconfigure.OptionalLiveReloadServer - LiveReload server is running on port 35729
2020-01-09 16:48:43.271 [INFO ] org.apache.coyote.http11.Http11NioProtocol - Starting ProtocolHandler ["http-nio-8080"]
2020-01-09 16:48:43.286 [INFO ] org.springframework.boot.web.embedded.tomcat.TomcatWebServer - Tomcat started on port(s): 8080 (http) with context path ''
2020-01-09 16:48:43.289 [INFO ] com.zhuzhu.project.ProjectApplication - Started ProjectApplication in 1.96 seconds (JVM running for 2.677)
2020-01-09 16:48:46.442 [INFO ] org.apache.catalina.core.ContainerBase.[Tomcat].[localhost].[/] - Initializing Spring DispatcherServlet 'dispatcherServlet'
2020-01-09 16:48:46.442 [INFO ] org.springframework.web.servlet.DispatcherServlet - Initializing Servlet 'dispatcherServlet'
2020-01-09 16:48:46.448 [INFO ] org.springframework.web.servlet.DispatcherServlet - Completed initialization in 6 ms
2020-01-09 16:49:21.001 [INFO ] com.zhuzhu.project.ProjectApplication - Starting ProjectApplication on LAPTOP-29L52F9P with PID 23492 (D:\project\project\target\classes started by 34904 in D:\project\project)
2020-01-09 16:49:21.001 [INFO ] com.zhuzhu.project.ProjectApplication - The following profiles are active: dev
2020-01-09 16:49:21.038 [INFO ] org.springframework.boot.devtools.env.DevToolsPropertyDefaultsPostProcessor - Devtools property defaults active! Set 'spring.devtools.add-properties' to 'false' to disable
2020-01-09 16:49:21.038 [INFO ] org.springframework.boot.devtools.env.DevToolsPropertyDefaultsPostProcessor - For additional web related logging consider setting the 'logging.level.web' property to 'DEBUG'
2020-01-09 16:49:21.833 [INFO ] org.springframework.boot.web.embedded.tomcat.TomcatWebServer - Tomcat initialized with port(s): 8080 (http)
2020-01-09 16:49:21.839 [INFO ] org.apache.coyote.http11.Http11NioProtocol - Initializing ProtocolHandler ["http-nio-8080"]
2020-01-09 16:49:21.839 [INFO ] org.apache.catalina.core.StandardService - Starting service [Tomcat]
2020-01-09 16:49:21.839 [INFO ] org.apache.catalina.core.StandardEngine - Starting Servlet engine: [Apache Tomcat/9.0.29]
2020-01-09 16:49:21.903 [INFO ] org.apache.catalina.core.ContainerBase.[Tomcat].[localhost].[/] - Initializing Spring embedded WebApplicationContext
2020-01-09 16:49:21.904 [INFO ] org.springframework.web.context.ContextLoader - Root WebApplicationContext: initialization completed in 866 ms
2020-01-09 16:49:21.955 [INFO ] com.alibaba.druid.spring.boot.autoconfigure.DruidDataSourceAutoConfigure - Init DruidDataSource
2020-01-09 16:49:22.145 [INFO ] com.alibaba.druid.pool.DruidDataSource - {dataSource-1} inited
2020-01-09 16:49:22.360 [INFO ] org.springframework.scheduling.concurrent.ThreadPoolTaskExecutor - Initializing ExecutorService 'applicationTaskExecutor'
2020-01-09 16:49:22.499 [INFO ] org.springframework.scheduling.concurrent.ThreadPoolTaskScheduler - Initializing ExecutorService 'taskScheduler'
2020-01-09 16:49:22.519 [INFO ] org.springframework.boot.devtools.autoconfigure.OptionalLiveReloadServer - LiveReload server is running on port 35729
2020-01-09 16:49:22.549 [INFO ] org.apache.coyote.http11.Http11NioProtocol - Starting ProtocolHandler ["http-nio-8080"]
2020-01-09 16:49:22.564 [INFO ] org.springframework.boot.web.embedded.tomcat.TomcatWebServer - Tomcat started on port(s): 8080 (http) with context path ''
2020-01-09 16:49:22.566 [INFO ] com.zhuzhu.project.ProjectApplication - Started ProjectApplication in 1.953 seconds (JVM running for 2.689)
2020-01-09 16:49:28.153 [INFO ] org.apache.catalina.core.ContainerBase.[Tomcat].[localhost].[/] - Initializing Spring DispatcherServlet 'dispatcherServlet'
2020-01-09 16:49:28.153 [INFO ] org.springframework.web.servlet.DispatcherServlet - Initializing Servlet 'dispatcherServlet'
2020-01-09 16:49:28.158 [INFO ] org.springframework.web.servlet.DispatcherServlet - Completed initialization in 5 ms
2020-01-09 16:58:32.269 [INFO ] com.zhuzhu.project.ProjectApplication - Starting ProjectApplication on LAPTOP-29L52F9P with PID 26352 (D:\project\project\target\classes started by 34904 in D:\project\project)
2020-01-09 16:58:32.269 [INFO ] com.zhuzhu.project.ProjectApplication - The following profiles are active: dev
2020-01-09 16:58:32.305 [INFO ] org.springframework.boot.devtools.env.DevToolsPropertyDefaultsPostProcessor - Devtools property defaults active! Set 'spring.devtools.add-properties' to 'false' to disable
2020-01-09 16:58:32.305 [INFO ] org.springframework.boot.devtools.env.DevToolsPropertyDefaultsPostProcessor - For additional web related logging consider setting the 'logging.level.web' property to 'DEBUG'
2020-01-09 16:58:33.059 [INFO ] org.springframework.boot.web.embedded.tomcat.TomcatWebServer - Tomcat initialized with port(s): 8080 (http)
2020-01-09 16:58:33.064 [INFO ] org.apache.coyote.http11.Http11NioProtocol - Initializing ProtocolHandler ["http-nio-8080"]
2020-01-09 16:58:33.065 [INFO ] org.apache.catalina.core.StandardService - Starting service [Tomcat]
2020-01-09 16:58:33.065 [INFO ] org.apache.catalina.core.StandardEngine - Starting Servlet engine: [Apache Tomcat/9.0.29]
2020-01-09 16:58:33.123 [INFO ] org.apache.catalina.core.ContainerBase.[Tomcat].[localhost].[/] - Initializing Spring embedded WebApplicationContext
2020-01-09 16:58:33.123 [INFO ] org.springframework.web.context.ContextLoader - Root WebApplicationContext: initialization completed in 818 ms
2020-01-09 16:58:33.174 [INFO ] com.alibaba.druid.spring.boot.autoconfigure.DruidDataSourceAutoConfigure - Init DruidDataSource
2020-01-09 16:58:33.354 [INFO ] com.alibaba.druid.pool.DruidDataSource - {dataSource-1} inited
2020-01-09 16:58:33.572 [INFO ] org.springframework.scheduling.concurrent.ThreadPoolTaskExecutor - Initializing ExecutorService 'applicationTaskExecutor'
2020-01-09 16:58:33.696 [INFO ] org.springframework.scheduling.concurrent.ThreadPoolTaskScheduler - Initializing ExecutorService 'taskScheduler'
2020-01-09 16:58:33.717 [INFO ] org.springframework.boot.devtools.autoconfigure.OptionalLiveReloadServer - LiveReload server is running on port 35729
2020-01-09 16:58:33.748 [INFO ] org.apache.coyote.http11.Http11NioProtocol - Starting ProtocolHandler ["http-nio-8080"]
2020-01-09 16:58:33.761 [INFO ] org.springframework.boot.web.embedded.tomcat.TomcatWebServer - Tomcat started on port(s): 8080 (http) with context path ''
2020-01-09 16:58:33.763 [INFO ] com.zhuzhu.project.ProjectApplication - Started ProjectApplication in 1.862 seconds (JVM running for 2.654)
2020-01-09 16:58:40.624 [INFO ] org.apache.catalina.core.ContainerBase.[Tomcat].[localhost].[/] - Initializing Spring DispatcherServlet 'dispatcherServlet'
2020-01-09 16:58:40.624 [INFO ] org.springframework.web.servlet.DispatcherServlet - Initializing Servlet 'dispatcherServlet'
2020-01-09 16:58:40.629 [INFO ] org.springframework.web.servlet.DispatcherServlet - Completed initialization in 5 ms
2020-01-09 17:11:04.062 [INFO ] org.springframework.scheduling.concurrent.ThreadPoolTaskScheduler - Shutting down ExecutorService 'taskScheduler'
2020-01-09 17:11:04.063 [INFO ] org.springframework.scheduling.concurrent.ThreadPoolTaskExecutor - Shutting down ExecutorService 'applicationTaskExecutor'
2020-01-09 17:11:04.063 [INFO ] com.alibaba.druid.pool.DruidDataSource - {dataSource-1} closing ...
2020-01-09 17:11:04.067 [INFO ] com.alibaba.druid.pool.DruidDataSource - {dataSource-1} closed
2020-01-09 17:12:21.241 [INFO ] com.zhuzhu.project.ProjectApplication - Starting ProjectApplication on LAPTOP-29L52F9P with PID 26352 (D:\project\project\target\classes started by 34904 in D:\project\project)
2020-01-09 17:12:21.241 [INFO ] com.zhuzhu.project.ProjectApplication - The following profiles are active: dev
2020-01-09 17:12:21.440 [INFO ] org.springframework.boot.web.embedded.tomcat.TomcatWebServer - Tomcat initialized with port(s): 8080 (http)
2020-01-09 17:12:21.440 [INFO ] org.apache.catalina.core.StandardService - Starting service [Tomcat]
2020-01-09 17:12:21.440 [INFO ] org.apache.catalina.core.StandardEngine - Starting Servlet engine: [Apache Tomcat/9.0.29]
2020-01-09 17:12:21.453 [INFO ] org.apache.catalina.core.ContainerBase.[Tomcat-1].[localhost].[/] - Initializing Spring embedded WebApplicationContext
2020-01-09 17:12:21.453 [INFO ] org.springframework.web.context.ContextLoader - Root WebApplicationContext: initialization completed in 210 ms
2020-01-09 17:12:21.498 [INFO ] org.springframework.scheduling.concurrent.ThreadPoolTaskExecutor - Initializing ExecutorService 'applicationTaskExecutor'
2020-01-09 17:12:21.527 [INFO ] com.alibaba.druid.spring.boot.autoconfigure.DruidDataSourceAutoConfigure - Init DruidDataSource
2020-01-09 17:12:21.547 [INFO ] com.alibaba.druid.pool.DruidDataSource - {dataSource-2} inited
2020-01-09 17:12:21.574 [INFO ] com.alibaba.druid.pool.DruidDataSource - {dataSource-2} closing ...
2020-01-09 17:12:21.575 [INFO ] com.alibaba.druid.pool.DruidDataSource - {dataSource-2} closed
2020-01-09 17:12:21.575 [INFO ] org.springframework.scheduling.concurrent.ThreadPoolTaskExecutor - Shutting down ExecutorService 'applicationTaskExecutor'
2020-01-09 17:12:21.575 [INFO ] org.apache.catalina.core.StandardService - Stopping service [Tomcat]
2020-01-09 17:12:24.050 [INFO ] com.zhuzhu.project.ProjectApplication - Starting ProjectApplication on LAPTOP-29L52F9P with PID 26352 (D:\project\project\target\classes started by 34904 in D:\project\project)
2020-01-09 17:12:24.050 [INFO ] com.zhuzhu.project.ProjectApplication - The following profiles are active: dev
2020-01-09 17:12:24.245 [INFO ] org.springframework.boot.web.embedded.tomcat.TomcatWebServer - Tomcat initialized with port(s): 8080 (http)
2020-01-09 17:12:24.245 [INFO ] org.apache.catalina.core.StandardService - Starting service [Tomcat]
2020-01-09 17:12:24.245 [INFO ] org.apache.catalina.core.StandardEngine - Starting Servlet engine: [Apache Tomcat/9.0.29]
2020-01-09 17:12:24.258 [INFO ] org.apache.catalina.core.ContainerBase.[Tomcat-2].[localhost].[/] - Initializing Spring embedded WebApplicationContext
2020-01-09 17:12:24.258 [INFO ] org.springframework.web.context.ContextLoader - Root WebApplicationContext: initialization completed in 205 ms
2020-01-09 17:12:24.274 [INFO ] com.alibaba.druid.spring.boot.autoconfigure.DruidDataSourceAutoConfigure - Init DruidDataSource
2020-01-09 17:12:24.289 [INFO ] com.alibaba.druid.pool.DruidDataSource - {dataSource-3} inited
2020-01-09 17:12:24.354 [INFO ] org.springframework.scheduling.concurrent.ThreadPoolTaskExecutor - Initializing ExecutorService 'applicationTaskExecutor'
2020-01-09 17:12:24.393 [INFO ] org.springframework.scheduling.concurrent.ThreadPoolTaskScheduler - Initializing ExecutorService 'taskScheduler'
2020-01-09 17:12:24.402 [INFO ] org.springframework.boot.devtools.autoconfigure.OptionalLiveReloadServer - LiveReload server is running on port 35729
2020-01-09 17:12:24.418 [INFO ] org.springframework.boot.web.embedded.tomcat.TomcatWebServer - Tomcat started on port(s): 8080 (http) with context path ''
2020-01-09 17:12:24.418 [INFO ] com.zhuzhu.project.ProjectApplication - Started ProjectApplication in 0.418 seconds (JVM running for 833.308)
2020-01-09 17:12:24.420 [INFO ] org.springframework.boot.devtools.autoconfigure.ConditionEvaluationDeltaLoggingListener - Condition evaluation unchanged
