2020-01-07 09:57:34.836 [INFO ] com.zhuzhu.project.ProjectApplication - Starting ProjectApplication on LAPTOP-29L52F9P with PID 17444 (D:\project\project\target\classes started by 34904 in D:\project\project)
2020-01-07 09:57:34.836 [INFO ] com.zhuzhu.project.ProjectApplication - No active profile set, falling back to default profiles: default
2020-01-07 09:57:34.868 [INFO ] org.springframework.boot.devtools.env.DevToolsPropertyDefaultsPostProcessor - Devtools property defaults active! Set 'spring.devtools.add-properties' to 'false' to disable
2020-01-07 09:57:34.868 [INFO ] org.springframework.boot.devtools.env.DevToolsPropertyDefaultsPostProcessor - For additional web related logging consider setting the 'logging.level.web' property to 'DEBUG'
2020-01-07 09:57:35.445 [INFO ] org.springframework.boot.web.embedded.tomcat.TomcatWebServer - Tomcat initialized with port(s): 8080 (http)
2020-01-07 09:57:35.445 [INFO ] org.apache.coyote.http11.Http11NioProtocol - Initializing ProtocolHandler ["http-nio-8080"]
2020-01-07 09:57:35.445 [INFO ] org.apache.catalina.core.StandardService - Starting service [Tomcat]
2020-01-07 09:57:35.445 [INFO ] org.apache.catalina.core.StandardEngine - Starting Servlet engine: [Apache Tomcat/9.0.29]
2020-01-07 09:57:35.487 [INFO ] org.apache.catalina.core.ContainerBase.[Tomcat].[localhost].[/] - Initializing Spring embedded WebApplicationContext
2020-01-07 09:57:35.487 [INFO ] org.springframework.web.context.ContextLoader - Root WebApplicationContext: initialization completed in 619 ms
2020-01-07 09:57:35.582 [INFO ] org.springframework.scheduling.concurrent.ThreadPoolTaskExecutor - Initializing ExecutorService 'applicationTaskExecutor'
2020-01-07 09:57:35.676 [INFO ] org.springframework.boot.devtools.autoconfigure.OptionalLiveReloadServer - LiveReload server is running on port 35729
2020-01-07 09:57:35.676 [INFO ] org.apache.coyote.http11.Http11NioProtocol - Starting ProtocolHandler ["http-nio-8080"]
2020-01-07 09:57:35.707 [INFO ] org.springframework.boot.web.embedded.tomcat.TomcatWebServer - Tomcat started on port(s): 8080 (http) with context path ''
2020-01-07 09:57:35.707 [INFO ] com.zhuzhu.project.ProjectApplication - Started ProjectApplication in 1.164 seconds (JVM running for 1.926)
2020-01-07 09:59:36.382 [INFO ] com.zhuzhu.project.ProjectApplication - Starting ProjectApplication on LAPTOP-29L52F9P with PID 4496 (D:\project\project\target\classes started by 34904 in D:\project\project)
2020-01-07 09:59:36.382 [INFO ] com.zhuzhu.project.ProjectApplication - No active profile set, falling back to default profiles: default
2020-01-07 09:59:36.455 [INFO ] org.springframework.boot.devtools.env.DevToolsPropertyDefaultsPostProcessor - Devtools property defaults active! Set 'spring.devtools.add-properties' to 'false' to disable
2020-01-07 09:59:36.455 [INFO ] org.springframework.boot.devtools.env.DevToolsPropertyDefaultsPostProcessor - For additional web related logging consider setting the 'logging.level.web' property to 'DEBUG'
2020-01-07 09:59:37.067 [INFO ] org.springframework.boot.web.embedded.tomcat.TomcatWebServer - Tomcat initialized with port(s): 8080 (http)
2020-01-07 09:59:37.067 [INFO ] org.apache.coyote.http11.Http11NioProtocol - Initializing ProtocolHandler ["http-nio-8080"]
2020-01-07 09:59:37.067 [INFO ] org.apache.catalina.core.StandardService - Starting service [Tomcat]
2020-01-07 09:59:37.067 [INFO ] org.apache.catalina.core.StandardEngine - Starting Servlet engine: [Apache Tomcat/9.0.29]
2020-01-07 09:59:37.114 [INFO ] org.apache.catalina.core.ContainerBase.[Tomcat].[localhost].[/] - Initializing Spring embedded WebApplicationContext
2020-01-07 09:59:37.114 [INFO ] org.springframework.web.context.ContextLoader - Root WebApplicationContext: initialization completed in 659 ms
2020-01-07 09:59:37.230 [INFO ] org.springframework.scheduling.concurrent.ThreadPoolTaskExecutor - Initializing ExecutorService 'applicationTaskExecutor'
2020-01-07 09:59:37.324 [INFO ] org.springframework.boot.devtools.autoconfigure.OptionalLiveReloadServer - LiveReload server is running on port 35729
2020-01-07 09:59:37.355 [INFO ] org.apache.coyote.http11.Http11NioProtocol - Starting ProtocolHandler ["http-nio-8080"]
2020-01-07 09:59:37.371 [INFO ] org.springframework.boot.web.embedded.tomcat.TomcatWebServer - Tomcat started on port(s): 8080 (http) with context path ''
2020-01-07 09:59:37.371 [INFO ] com.zhuzhu.project.ProjectApplication - Started ProjectApplication in 1.268 seconds (JVM running for 2.001)
2020-01-07 09:59:59.002 [INFO ] com.zhuzhu.project.ProjectApplication - Starting ProjectApplication on LAPTOP-29L52F9P with PID 22144 (D:\project\project\target\classes started by 34904 in D:\project\project)
2020-01-07 09:59:59.002 [INFO ] com.zhuzhu.project.ProjectApplication - No active profile set, falling back to default profiles: default
2020-01-07 09:59:59.034 [INFO ] org.springframework.boot.devtools.env.DevToolsPropertyDefaultsPostProcessor - Devtools property defaults active! Set 'spring.devtools.add-properties' to 'false' to disable
2020-01-07 09:59:59.034 [INFO ] org.springframework.boot.devtools.env.DevToolsPropertyDefaultsPostProcessor - For additional web related logging consider setting the 'logging.level.web' property to 'DEBUG'
2020-01-07 09:59:59.691 [INFO ] org.springframework.boot.web.embedded.tomcat.TomcatWebServer - Tomcat initialized with port(s): 8080 (http)
2020-01-07 09:59:59.691 [INFO ] org.apache.coyote.http11.Http11NioProtocol - Initializing ProtocolHandler ["http-nio-8080"]
2020-01-07 09:59:59.691 [INFO ] org.apache.catalina.core.StandardService - Starting service [Tomcat]
2020-01-07 09:59:59.691 [INFO ] org.apache.catalina.core.StandardEngine - Starting Servlet engine: [Apache Tomcat/9.0.29]
2020-01-07 09:59:59.753 [INFO ] org.apache.catalina.core.ContainerBase.[Tomcat].[localhost].[/] - Initializing Spring embedded WebApplicationContext
2020-01-07 09:59:59.753 [INFO ] org.springframework.web.context.ContextLoader - Root WebApplicationContext: initialization completed in 719 ms
2020-01-07 09:59:59.862 [INFO ] org.springframework.scheduling.concurrent.ThreadPoolTaskExecutor - Initializing ExecutorService 'applicationTaskExecutor'
2020-01-07 09:59:59.956 [INFO ] org.springframework.boot.devtools.autoconfigure.OptionalLiveReloadServer - LiveReload server is running on port 35729
2020-01-07 09:59:59.972 [INFO ] org.apache.coyote.http11.Http11NioProtocol - Starting ProtocolHandler ["http-nio-8080"]
2020-01-07 09:59:59.987 [INFO ] org.springframework.boot.web.embedded.tomcat.TomcatWebServer - Tomcat started on port(s): 8080 (http) with context path ''
2020-01-07 09:59:59.987 [INFO ] com.zhuzhu.project.ProjectApplication - Started ProjectApplication in 1.322 seconds (JVM running for 2.054)
2020-01-07 10:00:06.978 [INFO ] org.apache.catalina.core.ContainerBase.[Tomcat].[localhost].[/] - Initializing Spring DispatcherServlet 'dispatcherServlet'
2020-01-07 10:00:06.978 [INFO ] org.springframework.web.servlet.DispatcherServlet - Initializing Servlet 'dispatcherServlet'
2020-01-07 10:00:06.980 [INFO ] org.springframework.web.servlet.DispatcherServlet - Completed initialization in 2 ms
2020-01-07 10:01:22.792 [INFO ] com.zhuzhu.project.ProjectApplication - Starting ProjectApplication on LAPTOP-29L52F9P with PID 4768 (D:\project\project\target\classes started by 34904 in D:\project\project)
2020-01-07 10:01:22.792 [INFO ] com.zhuzhu.project.ProjectApplication - No active profile set, falling back to default profiles: default
2020-01-07 10:01:22.823 [INFO ] org.springframework.boot.devtools.env.DevToolsPropertyDefaultsPostProcessor - Devtools property defaults active! Set 'spring.devtools.add-properties' to 'false' to disable
2020-01-07 10:01:22.823 [INFO ] org.springframework.boot.devtools.env.DevToolsPropertyDefaultsPostProcessor - For additional web related logging consider setting the 'logging.level.web' property to 'DEBUG'
2020-01-07 10:01:23.566 [INFO ] org.springframework.boot.web.embedded.tomcat.TomcatWebServer - Tomcat initialized with port(s): 8080 (http)
2020-01-07 10:01:23.566 [INFO ] org.apache.coyote.http11.Http11NioProtocol - Initializing ProtocolHandler ["http-nio-8080"]
2020-01-07 10:01:23.566 [INFO ] org.apache.catalina.core.StandardService - Starting service [Tomcat]
2020-01-07 10:01:23.566 [INFO ] org.apache.catalina.core.StandardEngine - Starting Servlet engine: [Apache Tomcat/9.0.29]
2020-01-07 10:01:23.637 [INFO ] org.apache.catalina.core.ContainerBase.[Tomcat].[localhost].[/] - Initializing Spring embedded WebApplicationContext
2020-01-07 10:01:23.637 [INFO ] org.springframework.web.context.ContextLoader - Root WebApplicationContext: initialization completed in 814 ms
2020-01-07 10:01:23.756 [INFO ] org.springframework.scheduling.concurrent.ThreadPoolTaskExecutor - Initializing ExecutorService 'applicationTaskExecutor'
2020-01-07 10:01:23.859 [INFO ] org.springframework.boot.devtools.autoconfigure.OptionalLiveReloadServer - LiveReload server is running on port 35729
2020-01-07 10:01:23.890 [INFO ] org.apache.coyote.http11.Http11NioProtocol - Starting ProtocolHandler ["http-nio-8080"]
2020-01-07 10:01:23.906 [INFO ] org.springframework.boot.web.embedded.tomcat.TomcatWebServer - Tomcat started on port(s): 8080 (http) with context path ''
2020-01-07 10:01:23.906 [INFO ] com.zhuzhu.project.ProjectApplication - Started ProjectApplication in 1.417 seconds (JVM running for 2.127)
2020-01-07 10:01:25.736 [INFO ] org.apache.catalina.core.ContainerBase.[Tomcat].[localhost].[/] - Initializing Spring DispatcherServlet 'dispatcherServlet'
2020-01-07 10:01:25.736 [INFO ] org.springframework.web.servlet.DispatcherServlet - Initializing Servlet 'dispatcherServlet'
2020-01-07 10:01:25.739 [INFO ] org.springframework.web.servlet.DispatcherServlet - Completed initialization in 3 ms
2020-01-07 10:01:40.720 [INFO ] com.zhuzhu.project.ProjectApplication - Starting ProjectApplication on LAPTOP-29L52F9P with PID 6724 (D:\project\project\target\classes started by 34904 in D:\project\project)
2020-01-07 10:01:40.735 [INFO ] com.zhuzhu.project.ProjectApplication - No active profile set, falling back to default profiles: default
2020-01-07 10:01:40.785 [INFO ] org.springframework.boot.devtools.env.DevToolsPropertyDefaultsPostProcessor - Devtools property defaults active! Set 'spring.devtools.add-properties' to 'false' to disable
2020-01-07 10:01:40.785 [INFO ] org.springframework.boot.devtools.env.DevToolsPropertyDefaultsPostProcessor - For additional web related logging consider setting the 'logging.level.web' property to 'DEBUG'
2020-01-07 10:01:41.435 [INFO ] org.springframework.boot.web.embedded.tomcat.TomcatWebServer - Tomcat initialized with port(s): 8080 (http)
2020-01-07 10:01:41.451 [INFO ] org.apache.coyote.http11.Http11NioProtocol - Initializing ProtocolHandler ["http-nio-8080"]
2020-01-07 10:01:41.451 [INFO ] org.apache.catalina.core.StandardService - Starting service [Tomcat]
2020-01-07 10:01:41.451 [INFO ] org.apache.catalina.core.StandardEngine - Starting Servlet engine: [Apache Tomcat/9.0.29]
2020-01-07 10:01:41.514 [INFO ] org.apache.catalina.core.ContainerBase.[Tomcat].[localhost].[/] - Initializing Spring embedded WebApplicationContext
2020-01-07 10:01:41.514 [INFO ] org.springframework.web.context.ContextLoader - Root WebApplicationContext: initialization completed in 729 ms
2020-01-07 10:01:41.609 [INFO ] org.springframework.scheduling.concurrent.ThreadPoolTaskExecutor - Initializing ExecutorService 'applicationTaskExecutor'
2020-01-07 10:01:41.749 [INFO ] org.springframework.boot.devtools.autoconfigure.OptionalLiveReloadServer - LiveReload server is running on port 35729
2020-01-07 10:01:41.765 [INFO ] org.apache.coyote.http11.Http11NioProtocol - Starting ProtocolHandler ["http-nio-8080"]
2020-01-07 10:01:41.780 [INFO ] org.springframework.boot.web.embedded.tomcat.TomcatWebServer - Tomcat started on port(s): 8080 (http) with context path ''
2020-01-07 10:01:41.796 [INFO ] com.zhuzhu.project.ProjectApplication - Started ProjectApplication in 1.371 seconds (JVM running for 2.103)
2020-01-07 10:01:52.528 [INFO ] org.apache.catalina.core.ContainerBase.[Tomcat].[localhost].[/] - Initializing Spring DispatcherServlet 'dispatcherServlet'
2020-01-07 10:01:52.529 [INFO ] org.springframework.web.servlet.DispatcherServlet - Initializing Servlet 'dispatcherServlet'
2020-01-07 10:01:52.533 [INFO ] org.springframework.web.servlet.DispatcherServlet - Completed initialization in 4 ms
2020-01-07 10:03:12.132 [INFO ] com.zhuzhu.project.ProjectApplication - Starting ProjectApplication on LAPTOP-29L52F9P with PID 5396 (D:\project\project\target\classes started by 34904 in D:\project\project)
2020-01-07 10:03:12.132 [INFO ] com.zhuzhu.project.ProjectApplication - No active profile set, falling back to default profiles: default
2020-01-07 10:03:12.163 [INFO ] org.springframework.boot.devtools.env.DevToolsPropertyDefaultsPostProcessor - Devtools property defaults active! Set 'spring.devtools.add-properties' to 'false' to disable
2020-01-07 10:03:12.163 [INFO ] org.springframework.boot.devtools.env.DevToolsPropertyDefaultsPostProcessor - For additional web related logging consider setting the 'logging.level.web' property to 'DEBUG'
2020-01-07 10:03:12.810 [INFO ] org.springframework.boot.web.embedded.tomcat.TomcatWebServer - Tomcat initialized with port(s): 8080 (http)
2020-01-07 10:03:12.826 [INFO ] org.apache.coyote.http11.Http11NioProtocol - Initializing ProtocolHandler ["http-nio-8080"]
2020-01-07 10:03:12.826 [INFO ] org.apache.catalina.core.StandardService - Starting service [Tomcat]
2020-01-07 10:03:12.826 [INFO ] org.apache.catalina.core.StandardEngine - Starting Servlet engine: [Apache Tomcat/9.0.29]
2020-01-07 10:03:12.874 [INFO ] org.apache.catalina.core.ContainerBase.[Tomcat].[localhost].[/] - Initializing Spring embedded WebApplicationContext
2020-01-07 10:03:12.874 [INFO ] org.springframework.web.context.ContextLoader - Root WebApplicationContext: initialization completed in 711 ms
2020-01-07 10:03:12.987 [INFO ] org.springframework.scheduling.concurrent.ThreadPoolTaskExecutor - Initializing ExecutorService 'applicationTaskExecutor'
2020-01-07 10:03:13.081 [INFO ] org.springframework.boot.devtools.autoconfigure.OptionalLiveReloadServer - LiveReload server is running on port 35729
2020-01-07 10:03:13.112 [INFO ] org.apache.coyote.http11.Http11NioProtocol - Starting ProtocolHandler ["http-nio-8080"]
2020-01-07 10:03:13.128 [INFO ] org.springframework.boot.web.embedded.tomcat.TomcatWebServer - Tomcat started on port(s): 8080 (http) with context path ''
2020-01-07 10:03:13.128 [INFO ] com.zhuzhu.project.ProjectApplication - Started ProjectApplication in 1.305 seconds (JVM running for 2.042)
2020-01-07 10:03:18.660 [INFO ] org.apache.catalina.core.ContainerBase.[Tomcat].[localhost].[/] - Initializing Spring DispatcherServlet 'dispatcherServlet'
2020-01-07 10:03:18.660 [INFO ] org.springframework.web.servlet.DispatcherServlet - Initializing Servlet 'dispatcherServlet'
2020-01-07 10:03:18.665 [INFO ] org.springframework.web.servlet.DispatcherServlet - Completed initialization in 5 ms
2020-01-07 10:03:38.342 [INFO ] com.zhuzhu.project.ProjectApplication - Starting ProjectApplication on LAPTOP-29L52F9P with PID 2432 (D:\project\project\target\classes started by 34904 in D:\project\project)
2020-01-07 10:03:38.358 [INFO ] com.zhuzhu.project.ProjectApplication - No active profile set, falling back to default profiles: default
2020-01-07 10:03:38.404 [INFO ] org.springframework.boot.devtools.env.DevToolsPropertyDefaultsPostProcessor - Devtools property defaults active! Set 'spring.devtools.add-properties' to 'false' to disable
2020-01-07 10:03:38.404 [INFO ] org.springframework.boot.devtools.env.DevToolsPropertyDefaultsPostProcessor - For additional web related logging consider setting the 'logging.level.web' property to 'DEBUG'
2020-01-07 10:03:39.019 [INFO ] org.springframework.boot.web.embedded.tomcat.TomcatWebServer - Tomcat initialized with port(s): 8080 (http)
2020-01-07 10:03:39.019 [INFO ] org.apache.coyote.http11.Http11NioProtocol - Initializing ProtocolHandler ["http-nio-8080"]
2020-01-07 10:03:39.019 [INFO ] org.apache.catalina.core.StandardService - Starting service [Tomcat]
2020-01-07 10:03:39.019 [INFO ] org.apache.catalina.core.StandardEngine - Starting Servlet engine: [Apache Tomcat/9.0.29]
2020-01-07 10:03:39.083 [INFO ] org.apache.catalina.core.ContainerBase.[Tomcat].[localhost].[/] - Initializing Spring embedded WebApplicationContext
2020-01-07 10:03:39.083 [INFO ] org.springframework.web.context.ContextLoader - Root WebApplicationContext: initialization completed in 679 ms
2020-01-07 10:03:39.192 [INFO ] org.springframework.scheduling.concurrent.ThreadPoolTaskExecutor - Initializing ExecutorService 'applicationTaskExecutor'
2020-01-07 10:03:39.302 [INFO ] org.springframework.boot.devtools.autoconfigure.OptionalLiveReloadServer - LiveReload server is running on port 35729
2020-01-07 10:03:39.333 [INFO ] org.apache.coyote.http11.Http11NioProtocol - Starting ProtocolHandler ["http-nio-8080"]
2020-01-07 10:03:39.349 [INFO ] org.springframework.boot.web.embedded.tomcat.TomcatWebServer - Tomcat started on port(s): 8080 (http) with context path ''
2020-01-07 10:03:39.349 [INFO ] com.zhuzhu.project.ProjectApplication - Started ProjectApplication in 1.298 seconds (JVM running for 2.029)
2020-01-07 10:03:42.010 [INFO ] org.apache.catalina.core.ContainerBase.[Tomcat].[localhost].[/] - Initializing Spring DispatcherServlet 'dispatcherServlet'
2020-01-07 10:03:42.010 [INFO ] org.springframework.web.servlet.DispatcherServlet - Initializing Servlet 'dispatcherServlet'
2020-01-07 10:03:42.013 [INFO ] org.springframework.web.servlet.DispatcherServlet - Completed initialization in 3 ms
2020-01-07 10:04:13.910 [INFO ] com.zhuzhu.project.ProjectApplication - Starting ProjectApplication on LAPTOP-29L52F9P with PID 20436 (D:\project\project\target\classes started by 34904 in D:\project\project)
2020-01-07 10:04:13.910 [INFO ] com.zhuzhu.project.ProjectApplication - No active profile set, falling back to default profiles: default
2020-01-07 10:04:13.956 [INFO ] org.springframework.boot.devtools.env.DevToolsPropertyDefaultsPostProcessor - Devtools property defaults active! Set 'spring.devtools.add-properties' to 'false' to disable
2020-01-07 10:04:13.956 [INFO ] org.springframework.boot.devtools.env.DevToolsPropertyDefaultsPostProcessor - For additional web related logging consider setting the 'logging.level.web' property to 'DEBUG'
2020-01-07 10:04:14.566 [INFO ] org.springframework.boot.web.embedded.tomcat.TomcatWebServer - Tomcat initialized with port(s): 8080 (http)
2020-01-07 10:04:14.566 [INFO ] org.apache.coyote.http11.Http11NioProtocol - Initializing ProtocolHandler ["http-nio-8080"]
2020-01-07 10:04:14.566 [INFO ] org.apache.catalina.core.StandardService - Starting service [Tomcat]
2020-01-07 10:04:14.566 [INFO ] org.apache.catalina.core.StandardEngine - Starting Servlet engine: [Apache Tomcat/9.0.29]
2020-01-07 10:04:14.628 [INFO ] org.apache.catalina.core.ContainerBase.[Tomcat].[localhost].[/] - Initializing Spring embedded WebApplicationContext
2020-01-07 10:04:14.628 [INFO ] org.springframework.web.context.ContextLoader - Root WebApplicationContext: initialization completed in 672 ms
2020-01-07 10:04:14.738 [INFO ] org.springframework.scheduling.concurrent.ThreadPoolTaskExecutor - Initializing ExecutorService 'applicationTaskExecutor'
2020-01-07 10:04:14.847 [INFO ] org.springframework.boot.devtools.autoconfigure.OptionalLiveReloadServer - LiveReload server is running on port 35729
2020-01-07 10:04:14.878 [INFO ] org.apache.coyote.http11.Http11NioProtocol - Starting ProtocolHandler ["http-nio-8080"]
2020-01-07 10:04:14.894 [INFO ] org.springframework.boot.web.embedded.tomcat.TomcatWebServer - Tomcat started on port(s): 8080 (http) with context path ''
2020-01-07 10:04:14.894 [INFO ] com.zhuzhu.project.ProjectApplication - Started ProjectApplication in 1.276 seconds (JVM running for 2.001)
2020-01-07 10:04:17.847 [INFO ] org.apache.catalina.core.ContainerBase.[Tomcat].[localhost].[/] - Initializing Spring DispatcherServlet 'dispatcherServlet'
2020-01-07 10:04:17.847 [INFO ] org.springframework.web.servlet.DispatcherServlet - Initializing Servlet 'dispatcherServlet'
2020-01-07 10:04:17.850 [INFO ] org.springframework.web.servlet.DispatcherServlet - Completed initialization in 3 ms
2020-01-07 10:08:55.422 [INFO ] com.zhuzhu.project.ProjectApplication - Starting ProjectApplication on LAPTOP-29L52F9P with PID 20184 (D:\project\project\target\classes started by 34904 in D:\project\project)
2020-01-07 10:08:55.422 [INFO ] com.zhuzhu.project.ProjectApplication - No active profile set, falling back to default profiles: default
2020-01-07 10:08:55.487 [INFO ] org.springframework.boot.devtools.env.DevToolsPropertyDefaultsPostProcessor - Devtools property defaults active! Set 'spring.devtools.add-properties' to 'false' to disable
2020-01-07 10:08:55.487 [INFO ] org.springframework.boot.devtools.env.DevToolsPropertyDefaultsPostProcessor - For additional web related logging consider setting the 'logging.level.web' property to 'DEBUG'
2020-01-07 10:08:56.164 [INFO ] org.springframework.boot.web.embedded.tomcat.TomcatWebServer - Tomcat initialized with port(s): 8080 (http)
2020-01-07 10:08:56.164 [INFO ] org.apache.coyote.http11.Http11NioProtocol - Initializing ProtocolHandler ["http-nio-8080"]
2020-01-07 10:08:56.164 [INFO ] org.apache.catalina.core.StandardService - Starting service [Tomcat]
2020-01-07 10:08:56.164 [INFO ] org.apache.catalina.core.StandardEngine - Starting Servlet engine: [Apache Tomcat/9.0.29]
2020-01-07 10:08:56.226 [INFO ] org.apache.catalina.core.ContainerBase.[Tomcat].[localhost].[/] - Initializing Spring embedded WebApplicationContext
2020-01-07 10:08:56.226 [INFO ] org.springframework.web.context.ContextLoader - Root WebApplicationContext: initialization completed in 739 ms
2020-01-07 10:08:56.337 [INFO ] org.springframework.scheduling.concurrent.ThreadPoolTaskExecutor - Initializing ExecutorService 'applicationTaskExecutor'
2020-01-07 10:08:56.450 [INFO ] org.springframework.boot.devtools.autoconfigure.OptionalLiveReloadServer - LiveReload server is running on port 35729
2020-01-07 10:08:56.465 [INFO ] org.apache.coyote.http11.Http11NioProtocol - Starting ProtocolHandler ["http-nio-8080"]
2020-01-07 10:08:56.481 [INFO ] org.springframework.boot.web.embedded.tomcat.TomcatWebServer - Tomcat started on port(s): 8080 (http) with context path ''
2020-01-07 10:08:56.481 [INFO ] com.zhuzhu.project.ProjectApplication - Started ProjectApplication in 1.364 seconds (JVM running for 2.093)
2020-01-07 10:08:59.470 [INFO ] org.apache.catalina.core.ContainerBase.[Tomcat].[localhost].[/] - Initializing Spring DispatcherServlet 'dispatcherServlet'
2020-01-07 10:08:59.470 [INFO ] org.springframework.web.servlet.DispatcherServlet - Initializing Servlet 'dispatcherServlet'
2020-01-07 10:08:59.474 [INFO ] org.springframework.web.servlet.DispatcherServlet - Completed initialization in 4 ms
2020-01-07 10:09:14.436 [INFO ] com.zhuzhu.project.ProjectApplication - Starting ProjectApplication on LAPTOP-29L52F9P with PID 20668 (D:\project\project\target\classes started by 34904 in D:\project\project)
2020-01-07 10:09:14.436 [INFO ] com.zhuzhu.project.ProjectApplication - No active profile set, falling back to default profiles: default
2020-01-07 10:09:14.504 [INFO ] org.springframework.boot.devtools.env.DevToolsPropertyDefaultsPostProcessor - Devtools property defaults active! Set 'spring.devtools.add-properties' to 'false' to disable
2020-01-07 10:09:14.504 [INFO ] org.springframework.boot.devtools.env.DevToolsPropertyDefaultsPostProcessor - For additional web related logging consider setting the 'logging.level.web' property to 'DEBUG'
2020-01-07 10:09:15.103 [INFO ] org.springframework.boot.web.embedded.tomcat.TomcatWebServer - Tomcat initialized with port(s): 8080 (http)
2020-01-07 10:09:15.119 [INFO ] org.apache.coyote.http11.Http11NioProtocol - Initializing ProtocolHandler ["http-nio-8080"]
2020-01-07 10:09:15.119 [INFO ] org.apache.catalina.core.StandardService - Starting service [Tomcat]
2020-01-07 10:09:15.119 [INFO ] org.apache.catalina.core.StandardEngine - Starting Servlet engine: [Apache Tomcat/9.0.29]
2020-01-07 10:09:15.181 [INFO ] org.apache.catalina.core.ContainerBase.[Tomcat].[localhost].[/] - Initializing Spring embedded WebApplicationContext
2020-01-07 10:09:15.181 [INFO ] org.springframework.web.context.ContextLoader - Root WebApplicationContext: initialization completed in 677 ms
2020-01-07 10:09:15.293 [INFO ] org.springframework.scheduling.concurrent.ThreadPoolTaskExecutor - Initializing ExecutorService 'applicationTaskExecutor'
2020-01-07 10:09:15.387 [INFO ] org.springframework.boot.devtools.autoconfigure.OptionalLiveReloadServer - LiveReload server is running on port 35729
2020-01-07 10:09:15.404 [INFO ] org.apache.coyote.http11.Http11NioProtocol - Starting ProtocolHandler ["http-nio-8080"]
2020-01-07 10:09:15.420 [INFO ] org.springframework.boot.web.embedded.tomcat.TomcatWebServer - Tomcat started on port(s): 8080 (http) with context path ''
2020-01-07 10:09:15.435 [INFO ] com.zhuzhu.project.ProjectApplication - Started ProjectApplication in 1.314 seconds (JVM running for 2.048)
2020-01-07 10:09:17.323 [INFO ] org.apache.catalina.core.ContainerBase.[Tomcat].[localhost].[/] - Initializing Spring DispatcherServlet 'dispatcherServlet'
2020-01-07 10:09:17.323 [INFO ] org.springframework.web.servlet.DispatcherServlet - Initializing Servlet 'dispatcherServlet'
2020-01-07 10:09:17.327 [INFO ] org.springframework.web.servlet.DispatcherServlet - Completed initialization in 4 ms
2020-01-07 10:09:39.618 [INFO ] com.zhuzhu.project.ProjectApplication - Starting ProjectApplication on LAPTOP-29L52F9P with PID 15304 (D:\project\project\target\classes started by 34904 in D:\project\project)
2020-01-07 10:09:39.618 [INFO ] com.zhuzhu.project.ProjectApplication - No active profile set, falling back to default profiles: default
2020-01-07 10:09:39.650 [INFO ] org.springframework.boot.devtools.env.DevToolsPropertyDefaultsPostProcessor - Devtools property defaults active! Set 'spring.devtools.add-properties' to 'false' to disable
2020-01-07 10:09:39.650 [INFO ] org.springframework.boot.devtools.env.DevToolsPropertyDefaultsPostProcessor - For additional web related logging consider setting the 'logging.level.web' property to 'DEBUG'
2020-01-07 10:09:40.283 [INFO ] org.springframework.boot.web.embedded.tomcat.TomcatWebServer - Tomcat initialized with port(s): 8080 (http)
2020-01-07 10:09:40.283 [INFO ] org.apache.coyote.http11.Http11NioProtocol - Initializing ProtocolHandler ["http-nio-8080"]
2020-01-07 10:09:40.283 [INFO ] org.apache.catalina.core.StandardService - Starting service [Tomcat]
2020-01-07 10:09:40.283 [INFO ] org.apache.catalina.core.StandardEngine - Starting Servlet engine: [Apache Tomcat/9.0.29]
2020-01-07 10:09:40.330 [INFO ] org.apache.catalina.core.ContainerBase.[Tomcat].[localhost].[/] - Initializing Spring embedded WebApplicationContext
2020-01-07 10:09:40.330 [INFO ] org.springframework.web.context.ContextLoader - Root WebApplicationContext: initialization completed in 680 ms
2020-01-07 10:09:40.440 [INFO ] org.springframework.scheduling.concurrent.ThreadPoolTaskExecutor - Initializing ExecutorService 'applicationTaskExecutor'
2020-01-07 10:09:40.535 [INFO ] org.springframework.boot.devtools.autoconfigure.OptionalLiveReloadServer - LiveReload server is running on port 35729
2020-01-07 10:09:40.567 [INFO ] org.apache.coyote.http11.Http11NioProtocol - Starting ProtocolHandler ["http-nio-8080"]
2020-01-07 10:09:40.582 [INFO ] org.springframework.boot.web.embedded.tomcat.TomcatWebServer - Tomcat started on port(s): 8080 (http) with context path ''
2020-01-07 10:09:40.582 [INFO ] com.zhuzhu.project.ProjectApplication - Started ProjectApplication in 1.273 seconds (JVM running for 1.983)
2020-01-07 10:09:43.347 [INFO ] org.apache.catalina.core.ContainerBase.[Tomcat].[localhost].[/] - Initializing Spring DispatcherServlet 'dispatcherServlet'
2020-01-07 10:09:43.347 [INFO ] org.springframework.web.servlet.DispatcherServlet - Initializing Servlet 'dispatcherServlet'
2020-01-07 10:09:43.350 [INFO ] org.springframework.web.servlet.DispatcherServlet - Completed initialization in 3 ms
2020-01-07 10:09:57.947 [INFO ] com.zhuzhu.project.ProjectApplication - Starting ProjectApplication on LAPTOP-29L52F9P with PID 984 (D:\project\project\target\classes started by 34904 in D:\project\project)
2020-01-07 10:09:57.947 [INFO ] com.zhuzhu.project.ProjectApplication - No active profile set, falling back to default profiles: default
2020-01-07 10:09:57.994 [INFO ] org.springframework.boot.devtools.env.DevToolsPropertyDefaultsPostProcessor - Devtools property defaults active! Set 'spring.devtools.add-properties' to 'false' to disable
2020-01-07 10:09:57.994 [INFO ] org.springframework.boot.devtools.env.DevToolsPropertyDefaultsPostProcessor - For additional web related logging consider setting the 'logging.level.web' property to 'DEBUG'
2020-01-07 10:09:58.716 [INFO ] org.springframework.boot.web.embedded.tomcat.TomcatWebServer - Tomcat initialized with port(s): 8080 (http)
2020-01-07 10:09:58.716 [INFO ] org.apache.coyote.http11.Http11NioProtocol - Initializing ProtocolHandler ["http-nio-8080"]
2020-01-07 10:09:58.716 [INFO ] org.apache.catalina.core.StandardService - Starting service [Tomcat]
2020-01-07 10:09:58.716 [INFO ] org.apache.catalina.core.StandardEngine - Starting Servlet engine: [Apache Tomcat/9.0.29]
2020-01-07 10:09:58.779 [INFO ] org.apache.catalina.core.ContainerBase.[Tomcat].[localhost].[/] - Initializing Spring embedded WebApplicationContext
2020-01-07 10:09:58.779 [INFO ] org.springframework.web.context.ContextLoader - Root WebApplicationContext: initialization completed in 785 ms
2020-01-07 10:09:58.888 [INFO ] org.springframework.scheduling.concurrent.ThreadPoolTaskExecutor - Initializing ExecutorService 'applicationTaskExecutor'
2020-01-07 10:09:58.997 [INFO ] org.springframework.boot.devtools.autoconfigure.OptionalLiveReloadServer - LiveReload server is running on port 35729
2020-01-07 10:09:59.029 [INFO ] org.apache.coyote.http11.Http11NioProtocol - Starting ProtocolHandler ["http-nio-8080"]
2020-01-07 10:09:59.044 [INFO ] org.springframework.boot.web.embedded.tomcat.TomcatWebServer - Tomcat started on port(s): 8080 (http) with context path ''
2020-01-07 10:09:59.044 [INFO ] com.zhuzhu.project.ProjectApplication - Started ProjectApplication in 1.405 seconds (JVM running for 2.102)
2020-01-07 10:10:02.497 [INFO ] org.apache.catalina.core.ContainerBase.[Tomcat].[localhost].[/] - Initializing Spring DispatcherServlet 'dispatcherServlet'
2020-01-07 10:10:02.497 [INFO ] org.springframework.web.servlet.DispatcherServlet - Initializing Servlet 'dispatcherServlet'
2020-01-07 10:10:02.501 [INFO ] org.springframework.web.servlet.DispatcherServlet - Completed initialization in 4 ms
2020-01-07 10:10:14.069 [INFO ] com.zhuzhu.project.ProjectApplication - Starting ProjectApplication on LAPTOP-29L52F9P with PID 20456 (D:\project\project\target\classes started by 34904 in D:\project\project)
2020-01-07 10:10:14.069 [INFO ] com.zhuzhu.project.ProjectApplication - No active profile set, falling back to default profiles: default
2020-01-07 10:10:14.116 [INFO ] org.springframework.boot.devtools.env.DevToolsPropertyDefaultsPostProcessor - Devtools property defaults active! Set 'spring.devtools.add-properties' to 'false' to disable
2020-01-07 10:10:14.116 [INFO ] org.springframework.boot.devtools.env.DevToolsPropertyDefaultsPostProcessor - For additional web related logging consider setting the 'logging.level.web' property to 'DEBUG'
2020-01-07 10:10:14.734 [INFO ] org.springframework.boot.web.embedded.tomcat.TomcatWebServer - Tomcat initialized with port(s): 8080 (http)
2020-01-07 10:10:14.734 [INFO ] org.apache.coyote.http11.Http11NioProtocol - Initializing ProtocolHandler ["http-nio-8080"]
2020-01-07 10:10:14.734 [INFO ] org.apache.catalina.core.StandardService - Starting service [Tomcat]
2020-01-07 10:10:14.734 [INFO ] org.apache.catalina.core.StandardEngine - Starting Servlet engine: [Apache Tomcat/9.0.29]
2020-01-07 10:10:14.798 [INFO ] org.apache.catalina.core.ContainerBase.[Tomcat].[localhost].[/] - Initializing Spring embedded WebApplicationContext
2020-01-07 10:10:14.798 [INFO ] org.springframework.web.context.ContextLoader - Root WebApplicationContext: initialization completed in 682 ms
2020-01-07 10:10:14.923 [INFO ] org.springframework.scheduling.concurrent.ThreadPoolTaskExecutor - Initializing ExecutorService 'applicationTaskExecutor'
2020-01-07 10:10:15.034 [INFO ] org.springframework.boot.devtools.autoconfigure.OptionalLiveReloadServer - LiveReload server is running on port 35729
2020-01-07 10:10:15.065 [INFO ] org.apache.coyote.http11.Http11NioProtocol - Starting ProtocolHandler ["http-nio-8080"]
2020-01-07 10:10:15.081 [INFO ] org.springframework.boot.web.embedded.tomcat.TomcatWebServer - Tomcat started on port(s): 8080 (http) with context path ''
2020-01-07 10:10:15.081 [INFO ] com.zhuzhu.project.ProjectApplication - Started ProjectApplication in 1.316 seconds (JVM running for 2.11)
2020-01-07 10:10:19.637 [INFO ] org.apache.catalina.core.ContainerBase.[Tomcat].[localhost].[/] - Initializing Spring DispatcherServlet 'dispatcherServlet'
2020-01-07 10:10:19.637 [INFO ] org.springframework.web.servlet.DispatcherServlet - Initializing Servlet 'dispatcherServlet'
2020-01-07 10:10:19.640 [INFO ] org.springframework.web.servlet.DispatcherServlet - Completed initialization in 3 ms
2020-01-07 10:13:15.659 [INFO ] com.zhuzhu.project.ProjectApplication - Starting ProjectApplication on LAPTOP-29L52F9P with PID 8208 (D:\project\project\target\classes started by 34904 in D:\project\project)
2020-01-07 10:13:15.659 [INFO ] com.zhuzhu.project.ProjectApplication - No active profile set, falling back to default profiles: default
2020-01-07 10:13:15.706 [INFO ] org.springframework.boot.devtools.env.DevToolsPropertyDefaultsPostProcessor - Devtools property defaults active! Set 'spring.devtools.add-properties' to 'false' to disable
2020-01-07 10:13:15.706 [INFO ] org.springframework.boot.devtools.env.DevToolsPropertyDefaultsPostProcessor - For additional web related logging consider setting the 'logging.level.web' property to 'DEBUG'
2020-01-07 10:13:16.444 [INFO ] org.springframework.boot.web.embedded.tomcat.TomcatWebServer - Tomcat initialized with port(s): 8080 (http)
2020-01-07 10:13:16.444 [INFO ] org.apache.coyote.http11.Http11NioProtocol - Initializing ProtocolHandler ["http-nio-8080"]
2020-01-07 10:13:16.444 [INFO ] org.apache.catalina.core.StandardService - Starting service [Tomcat]
2020-01-07 10:13:16.444 [INFO ] org.apache.catalina.core.StandardEngine - Starting Servlet engine: [Apache Tomcat/9.0.29]
2020-01-07 10:13:16.491 [INFO ] org.apache.catalina.core.ContainerBase.[Tomcat].[localhost].[/] - Initializing Spring embedded WebApplicationContext
2020-01-07 10:13:16.506 [INFO ] org.springframework.web.context.ContextLoader - Root WebApplicationContext: initialization completed in 800 ms
2020-01-07 10:13:16.628 [INFO ] org.springframework.scheduling.concurrent.ThreadPoolTaskExecutor - Initializing ExecutorService 'applicationTaskExecutor'
2020-01-07 10:13:16.721 [INFO ] org.springframework.boot.devtools.autoconfigure.OptionalLiveReloadServer - LiveReload server is running on port 35729
2020-01-07 10:13:16.738 [INFO ] org.apache.coyote.http11.Http11NioProtocol - Starting ProtocolHandler ["http-nio-8080"]
2020-01-07 10:13:16.754 [INFO ] org.springframework.boot.web.embedded.tomcat.TomcatWebServer - Tomcat started on port(s): 8080 (http) with context path ''
2020-01-07 10:13:16.754 [INFO ] com.zhuzhu.project.ProjectApplication - Started ProjectApplication in 1.425 seconds (JVM running for 2.138)
2020-01-07 10:14:40.700 [INFO ] com.zhuzhu.project.ProjectApplication - Starting ProjectApplication on LAPTOP-29L52F9P with PID 3384 (D:\project\project\target\classes started by 34904 in D:\project\project)
2020-01-07 10:14:40.700 [INFO ] com.zhuzhu.project.ProjectApplication - No active profile set, falling back to default profiles: default
2020-01-07 10:14:40.762 [INFO ] org.springframework.boot.devtools.env.DevToolsPropertyDefaultsPostProcessor - Devtools property defaults active! Set 'spring.devtools.add-properties' to 'false' to disable
2020-01-07 10:14:40.762 [INFO ] org.springframework.boot.devtools.env.DevToolsPropertyDefaultsPostProcessor - For additional web related logging consider setting the 'logging.level.web' property to 'DEBUG'
2020-01-07 10:14:41.406 [INFO ] org.springframework.boot.web.embedded.tomcat.TomcatWebServer - Tomcat initialized with port(s): 8080 (http)
2020-01-07 10:14:41.406 [INFO ] org.apache.coyote.http11.Http11NioProtocol - Initializing ProtocolHandler ["http-nio-8080"]
2020-01-07 10:14:41.406 [INFO ] org.apache.catalina.core.StandardService - Starting service [Tomcat]
2020-01-07 10:14:41.406 [INFO ] org.apache.catalina.core.StandardEngine - Starting Servlet engine: [Apache Tomcat/9.0.29]
2020-01-07 10:14:41.469 [INFO ] org.apache.catalina.core.ContainerBase.[Tomcat].[localhost].[/] - Initializing Spring embedded WebApplicationContext
2020-01-07 10:14:41.469 [INFO ] org.springframework.web.context.ContextLoader - Root WebApplicationContext: initialization completed in 707 ms
2020-01-07 10:14:41.567 [INFO ] org.springframework.scheduling.concurrent.ThreadPoolTaskExecutor - Initializing ExecutorService 'applicationTaskExecutor'
2020-01-07 10:14:41.679 [INFO ] org.springframework.boot.devtools.autoconfigure.OptionalLiveReloadServer - LiveReload server is running on port 35729
2020-01-07 10:14:41.695 [INFO ] org.apache.coyote.http11.Http11NioProtocol - Starting ProtocolHandler ["http-nio-8080"]
2020-01-07 10:14:41.711 [INFO ] org.springframework.boot.web.embedded.tomcat.TomcatWebServer - Tomcat started on port(s): 8080 (http) with context path ''
2020-01-07 10:14:41.726 [INFO ] com.zhuzhu.project.ProjectApplication - Started ProjectApplication in 1.335 seconds (JVM running for 2.059)
2020-01-07 10:14:46.346 [INFO ] org.apache.catalina.core.ContainerBase.[Tomcat].[localhost].[/] - Initializing Spring DispatcherServlet 'dispatcherServlet'
2020-01-07 10:14:46.346 [INFO ] org.springframework.web.servlet.DispatcherServlet - Initializing Servlet 'dispatcherServlet'
2020-01-07 10:14:46.350 [INFO ] org.springframework.web.servlet.DispatcherServlet - Completed initialization in 4 ms
